{"/Users/chrislocasto/Projects/formwizard-react/tests/components/Field.spec.js":{"path":"/Users/chrislocasto/Projects/formwizard-react/tests/components/Field.spec.js","statementMap":{"0":{"start":{"line":3,"column":14},"end":{"line":3,"column":268}},"1":{"start":{"line":3,"column":101},"end":{"line":3,"column":119}},"2":{"start":{"line":3,"column":141},"end":{"line":3,"column":266}},"3":{"start":{"line":5,"column":19},"end":{"line":5,"column":563}},"4":{"start":{"line":5,"column":76},"end":{"line":5,"column":347}},"5":{"start":{"line":5,"column":134},"end":{"line":5,"column":142}},"6":{"start":{"line":5,"column":144},"end":{"line":5,"column":199}},"7":{"start":{"line":5,"column":200},"end":{"line":5,"column":231}},"8":{"start":{"line":5,"column":232},"end":{"line":5,"column":286}},"9":{"start":{"line":5,"column":259},"end":{"line":5,"column":286}},"10":{"start":{"line":5,"column":287},"end":{"line":5,"column":345}},"11":{"start":{"line":5,"column":350},"end":{"line":5,"column":559}},"12":{"start":{"line":5,"column":407},"end":{"line":5,"column":475}},"13":{"start":{"line":5,"column":423},"end":{"line":5,"column":475}},"14":{"start":{"line":5,"column":476},"end":{"line":5,"column":536}},"15":{"start":{"line":5,"column":493},"end":{"line":5,"column":536}},"16":{"start":{"line":5,"column":537},"end":{"line":5,"column":556}},"17":{"start":{"line":7,"column":15},"end":{"line":7,"column":256}},"18":{"start":{"line":7,"column":52},"end":{"line":7,"column":239}},"19":{"start":{"line":7,"column":110},"end":{"line":7,"column":122}},"20":{"start":{"line":7,"column":124},"end":{"line":7,"column":237}},"21":{"start":{"line":7,"column":150},"end":{"line":7,"column":235}},"22":{"start":{"line":7,"column":207},"end":{"line":7,"column":233}},"23":{"start":{"line":7,"column":240},"end":{"line":7,"column":254}},"24":{"start":{"line":9,"column":13},"end":{"line":9,"column":29}},"25":{"start":{"line":11,"column":14},"end":{"line":11,"column":44}},"26":{"start":{"line":13,"column":13},"end":{"line":13,"column":29}},"27":{"start":{"line":15,"column":14},"end":{"line":15,"column":44}},"28":{"start":{"line":17,"column":12},"end":{"line":17,"column":27}},"29":{"start":{"line":19,"column":14},"end":{"line":19,"column":31}},"30":{"start":{"line":21,"column":13},"end":{"line":21,"column":40}},"31":{"start":{"line":23,"column":20},"end":{"line":23,"column":46}},"32":{"start":{"line":25,"column":39},"end":{"line":25,"column":93}},"33":{"start":{"line":27,"column":44},"end":{"line":27,"column":195}},"34":{"start":{"line":27,"column":62},"end":{"line":27,"column":166}},"35":{"start":{"line":27,"column":176},"end":{"line":27,"column":193}},"36":{"start":{"line":27,"column":196},"end":{"line":27,"column":207}},"37":{"start":{"line":29,"column":50},"end":{"line":29,"column":151}},"38":{"start":{"line":29,"column":92},"end":{"line":29,"column":149}},"39":{"start":{"line":31,"column":50},"end":{"line":31,"column":151}},"40":{"start":{"line":31,"column":63},"end":{"line":31,"column":149}},"41":{"start":{"line":31,"column":152},"end":{"line":31,"column":238}},"42":{"start":{"line":33,"column":43},"end":{"line":33,"column":208}},"43":{"start":{"line":33,"column":106},"end":{"line":33,"column":206}},"44":{"start":{"line":33,"column":209},"end":{"line":33,"column":373}},"45":{"start":{"line":33,"column":374},"end":{"line":33,"column":492}},"46":{"start":{"line":33,"column":390},"end":{"line":33,"column":492}},"47":{"start":{"line":35,"column":0},"end":{"line":215,"column":3}},"48":{"start":{"line":36,"column":18},"end":{"line":36,"column":55}},"49":{"start":{"line":37,"column":19},"end":{"line":37,"column":64}},"50":{"start":{"line":39,"column":2},"end":{"line":60,"column":5}},"51":{"start":{"line":40,"column":4},"end":{"line":43,"column":7}},"52":{"start":{"line":41,"column":20},"end":{"line":41,"column":91}},"53":{"start":{"line":42,"column":6},"end":{"line":42,"column":70}},"54":{"start":{"line":45,"column":4},"end":{"line":59,"column":7}},"55":{"start":{"line":46,"column":24},"end":{"line":46,"column":87}},"56":{"start":{"line":48,"column":20},"end":{"line":48,"column":130}},"57":{"start":{"line":50,"column":19},"end":{"line":50,"column":45}},"58":{"start":{"line":51,"column":6},"end":{"line":51,"column":50}},"59":{"start":{"line":53,"column":27},"end":{"line":53,"column":49}},"60":{"start":{"line":55,"column":6},"end":{"line":55,"column":74}},"61":{"start":{"line":56,"column":6},"end":{"line":56,"column":75}},"62":{"start":{"line":57,"column":6},"end":{"line":57,"column":83}},"63":{"start":{"line":58,"column":6},"end":{"line":58,"column":75}},"64":{"start":{"line":62,"column":2},"end":{"line":155,"column":5}},"65":{"start":{"line":63,"column":33},"end":{"line":63,"column":39}},"66":{"start":{"line":64,"column":27},"end":{"line":64,"column":33}},"67":{"start":{"line":66,"column":4},"end":{"line":109,"column":7}},"68":{"start":{"line":67,"column":6},"end":{"line":78,"column":8}},"69":{"start":{"line":68,"column":8},"end":{"line":77,"column":10}},"70":{"start":{"line":80,"column":6},"end":{"line":108,"column":35}},"71":{"start":{"line":81,"column":8},"end":{"line":81,"column":54}},"72":{"start":{"line":84,"column":10},"end":{"line":84,"column":50}},"73":{"start":{"line":86,"column":10},"end":{"line":86,"column":146}},"74":{"start":{"line":89,"column":8},"end":{"line":105,"column":12}},"75":{"start":{"line":92,"column":12},"end":{"line":103,"column":14}},"76":{"start":{"line":107,"column":8},"end":{"line":107,"column":32}},"77":{"start":{"line":111,"column":4},"end":{"line":117,"column":7}},"78":{"start":{"line":112,"column":20},"end":{"line":112,"column":135}},"79":{"start":{"line":114,"column":6},"end":{"line":114,"column":70}},"80":{"start":{"line":115,"column":6},"end":{"line":115,"column":62}},"81":{"start":{"line":116,"column":6},"end":{"line":116,"column":78}},"82":{"start":{"line":119,"column":4},"end":{"line":126,"column":7}},"83":{"start":{"line":120,"column":20},"end":{"line":120,"column":129}},"84":{"start":{"line":122,"column":6},"end":{"line":122,"column":70}},"85":{"start":{"line":123,"column":6},"end":{"line":123,"column":62}},"86":{"start":{"line":124,"column":6},"end":{"line":124,"column":78}},"87":{"start":{"line":125,"column":6},"end":{"line":125,"column":75}},"88":{"start":{"line":128,"column":4},"end":{"line":154,"column":7}},"89":{"start":{"line":131,"column":22},"end":{"line":133,"column":7}},"90":{"start":{"line":132,"column":8},"end":{"line":132,"column":30}},"91":{"start":{"line":134,"column":19},"end":{"line":134,"column":301}},"92":{"start":{"line":135,"column":20},"end":{"line":135,"column":46}},"93":{"start":{"line":137,"column":6},"end":{"line":137,"column":70}},"94":{"start":{"line":138,"column":6},"end":{"line":138,"column":62}},"95":{"start":{"line":139,"column":6},"end":{"line":139,"column":78}},"96":{"start":{"line":141,"column":32},"end":{"line":141,"column":68}},"97":{"start":{"line":142,"column":6},"end":{"line":142,"column":63}},"98":{"start":{"line":144,"column":37},"end":{"line":144,"column":64}},"99":{"start":{"line":146,"column":6},"end":{"line":146,"column":82}},"100":{"start":{"line":147,"column":6},"end":{"line":147,"column":108}},"101":{"start":{"line":148,"column":6},"end":{"line":148,"column":108}},"102":{"start":{"line":149,"column":6},"end":{"line":149,"column":108}},"103":{"start":{"line":150,"column":6},"end":{"line":150,"column":114}},"104":{"start":{"line":152,"column":6},"end":{"line":152,"column":79}},"105":{"start":{"line":153,"column":6},"end":{"line":153,"column":87}},"106":{"start":{"line":157,"column":2},"end":{"line":214,"column":5}},"107":{"start":{"line":158,"column":4},"end":{"line":170,"column":7}},"108":{"start":{"line":159,"column":27},"end":{"line":159,"column":96}},"109":{"start":{"line":160,"column":29},"end":{"line":160,"column":162}},"110":{"start":{"line":162,"column":6},"end":{"line":162,"column":79}},"111":{"start":{"line":163,"column":6},"end":{"line":163,"column":70}},"112":{"start":{"line":165,"column":6},"end":{"line":165,"column":81}},"113":{"start":{"line":166,"column":6},"end":{"line":166,"column":87}},"114":{"start":{"line":167,"column":6},"end":{"line":167,"column":90}},"115":{"start":{"line":168,"column":6},"end":{"line":168,"column":88}},"116":{"start":{"line":169,"column":6},"end":{"line":169,"column":99}},"117":{"start":{"line":172,"column":4},"end":{"line":197,"column":7}},"118":{"start":{"line":173,"column":6},"end":{"line":173,"column":73}},"119":{"start":{"line":174,"column":6},"end":{"line":174,"column":62}},"120":{"start":{"line":176,"column":6},"end":{"line":176,"column":101}},"121":{"start":{"line":177,"column":6},"end":{"line":177,"column":90}},"122":{"start":{"line":179,"column":20},"end":{"line":179,"column":117}},"123":{"start":{"line":181,"column":6},"end":{"line":181,"column":71}},"124":{"start":{"line":183,"column":6},"end":{"line":183,"column":64}},"125":{"start":{"line":185,"column":6},"end":{"line":185,"column":101}},"126":{"start":{"line":186,"column":6},"end":{"line":186,"column":90}},"127":{"start":{"line":187,"column":6},"end":{"line":187,"column":85}},"128":{"start":{"line":189,"column":6},"end":{"line":189,"column":50}},"129":{"start":{"line":191,"column":6},"end":{"line":191,"column":101}},"130":{"start":{"line":192,"column":6},"end":{"line":192,"column":90}},"131":{"start":{"line":193,"column":6},"end":{"line":193,"column":71}},"132":{"start":{"line":195,"column":6},"end":{"line":195,"column":59}},"133":{"start":{"line":196,"column":6},"end":{"line":196,"column":48}},"134":{"start":{"line":199,"column":4},"end":{"line":213,"column":7}},"135":{"start":{"line":200,"column":20},"end":{"line":200,"column":133}},"136":{"start":{"line":202,"column":6},"end":{"line":202,"column":74}},"137":{"start":{"line":204,"column":6},"end":{"line":204,"column":64}},"138":{"start":{"line":206,"column":6},"end":{"line":206,"column":85}},"139":{"start":{"line":207,"column":6},"end":{"line":207,"column":73}},"140":{"start":{"line":209,"column":6},"end":{"line":209,"column":50}},"141":{"start":{"line":211,"column":6},"end":{"line":211,"column":71}},"142":{"start":{"line":212,"column":6},"end":{"line":212,"column":74}}},"fnMap":{"0":{"name":"(anonymous_0)","decl":{"start":{"line":3,"column":84},"end":{"line":3,"column":85}},"loc":{"start":{"line":3,"column":99},"end":{"line":3,"column":121}}},"1":{"name":"(anonymous_1)","decl":{"start":{"line":3,"column":124},"end":{"line":3,"column":125}},"loc":{"start":{"line":3,"column":139},"end":{"line":3,"column":268}}},"2":{"name":"(anonymous_2)","decl":{"start":{"line":5,"column":19},"end":{"line":5,"column":20}},"loc":{"start":{"line":5,"column":31},"end":{"line":5,"column":561}}},"3":{"name":"defineProperties","decl":{"start":{"line":5,"column":42},"end":{"line":5,"column":58}},"loc":{"start":{"line":5,"column":74},"end":{"line":5,"column":349}}},"4":{"name":"(anonymous_4)","decl":{"start":{"line":5,"column":357},"end":{"line":5,"column":358}},"loc":{"start":{"line":5,"column":405},"end":{"line":5,"column":558}}},"5":{"name":"(anonymous_5)","decl":{"start":{"line":7,"column":32},"end":{"line":7,"column":33}},"loc":{"start":{"line":7,"column":50},"end":{"line":7,"column":256}}},"6":{"name":"_interopRequireDefault","decl":{"start":{"line":25,"column":9},"end":{"line":25,"column":31}},"loc":{"start":{"line":25,"column":37},"end":{"line":25,"column":95}}},"7":{"name":"_defineProperty","decl":{"start":{"line":27,"column":9},"end":{"line":27,"column":24}},"loc":{"start":{"line":27,"column":42},"end":{"line":27,"column":209}}},"8":{"name":"_classCallCheck","decl":{"start":{"line":29,"column":9},"end":{"line":29,"column":24}},"loc":{"start":{"line":29,"column":48},"end":{"line":29,"column":153}}},"9":{"name":"_possibleConstructorReturn","decl":{"start":{"line":31,"column":9},"end":{"line":31,"column":35}},"loc":{"start":{"line":31,"column":48},"end":{"line":31,"column":240}}},"10":{"name":"_inherits","decl":{"start":{"line":33,"column":9},"end":{"line":33,"column":18}},"loc":{"start":{"line":33,"column":41},"end":{"line":33,"column":494}}},"11":{"name":"(anonymous_11)","decl":{"start":{"line":35,"column":45},"end":{"line":35,"column":46}},"loc":{"start":{"line":35,"column":57},"end":{"line":215,"column":1}}},"12":{"name":"(anonymous_12)","decl":{"start":{"line":39,"column":28},"end":{"line":39,"column":29}},"loc":{"start":{"line":39,"column":40},"end":{"line":60,"column":3}}},"13":{"name":"(anonymous_13)","decl":{"start":{"line":40,"column":50},"end":{"line":40,"column":51}},"loc":{"start":{"line":40,"column":62},"end":{"line":43,"column":5}}},"14":{"name":"(anonymous_14)","decl":{"start":{"line":45,"column":32},"end":{"line":45,"column":33}},"loc":{"start":{"line":45,"column":44},"end":{"line":59,"column":5}}},"15":{"name":"(anonymous_15)","decl":{"start":{"line":62,"column":27},"end":{"line":62,"column":28}},"loc":{"start":{"line":62,"column":39},"end":{"line":155,"column":3}}},"16":{"name":"(anonymous_16)","decl":{"start":{"line":66,"column":46},"end":{"line":66,"column":47}},"loc":{"start":{"line":66,"column":58},"end":{"line":109,"column":5}}},"17":{"name":"customInputConstructor","decl":{"start":{"line":67,"column":40},"end":{"line":67,"column":62}},"loc":{"start":{"line":67,"column":70},"end":{"line":78,"column":7}}},"18":{"name":"(anonymous_18)","decl":{"start":{"line":80,"column":25},"end":{"line":80,"column":26}},"loc":{"start":{"line":80,"column":53},"end":{"line":108,"column":7}}},"19":{"name":"customInputClass","decl":{"start":{"line":83,"column":17},"end":{"line":83,"column":33}},"loc":{"start":{"line":83,"column":36},"end":{"line":87,"column":9}}},"20":{"name":"render","decl":{"start":{"line":91,"column":26},"end":{"line":91,"column":32}},"loc":{"start":{"line":91,"column":35},"end":{"line":104,"column":11}}},"21":{"name":"(anonymous_21)","decl":{"start":{"line":111,"column":85},"end":{"line":111,"column":86}},"loc":{"start":{"line":111,"column":97},"end":{"line":117,"column":5}}},"22":{"name":"(anonymous_22)","decl":{"start":{"line":119,"column":88},"end":{"line":119,"column":89}},"loc":{"start":{"line":119,"column":100},"end":{"line":126,"column":5}}},"23":{"name":"(anonymous_23)","decl":{"start":{"line":128,"column":62},"end":{"line":128,"column":63}},"loc":{"start":{"line":128,"column":74},"end":{"line":154,"column":5}}},"24":{"name":"_onChange","decl":{"start":{"line":131,"column":31},"end":{"line":131,"column":40}},"loc":{"start":{"line":131,"column":44},"end":{"line":133,"column":7}}},"25":{"name":"(anonymous_25)","decl":{"start":{"line":157,"column":29},"end":{"line":157,"column":30}},"loc":{"start":{"line":157,"column":41},"end":{"line":214,"column":3}}},"26":{"name":"(anonymous_26)","decl":{"start":{"line":158,"column":47},"end":{"line":158,"column":48}},"loc":{"start":{"line":158,"column":59},"end":{"line":170,"column":5}}},"27":{"name":"(anonymous_27)","decl":{"start":{"line":172,"column":56},"end":{"line":172,"column":57}},"loc":{"start":{"line":172,"column":68},"end":{"line":197,"column":5}}},"28":{"name":"(anonymous_28)","decl":{"start":{"line":199,"column":49},"end":{"line":199,"column":50}},"loc":{"start":{"line":199,"column":61},"end":{"line":213,"column":5}}}},"branchMap":{"0":{"loc":{"start":{"line":3,"column":14},"end":{"line":3,"column":268}},"type":"cond-expr","locations":[{"start":{"line":3,"column":84},"end":{"line":3,"column":121}},{"start":{"line":3,"column":124},"end":{"line":3,"column":268}}]},"1":{"loc":{"start":{"line":3,"column":14},"end":{"line":3,"column":81}},"type":"binary-expr","locations":[{"start":{"line":3,"column":14},"end":{"line":3,"column":42}},{"start":{"line":3,"column":46},"end":{"line":3,"column":81}}]},"2":{"loc":{"start":{"line":3,"column":148},"end":{"line":3,"column":265}},"type":"cond-expr","locations":[{"start":{"line":3,"column":244},"end":{"line":3,"column":252}},{"start":{"line":3,"column":255},"end":{"line":3,"column":265}}]},"3":{"loc":{"start":{"line":3,"column":148},"end":{"line":3,"column":241}},"type":"binary-expr","locations":[{"start":{"line":3,"column":148},"end":{"line":3,"column":151}},{"start":{"line":3,"column":155},"end":{"line":3,"column":183}},{"start":{"line":3,"column":187},"end":{"line":3,"column":213}},{"start":{"line":3,"column":217},"end":{"line":3,"column":241}}]},"4":{"loc":{"start":{"line":5,"column":168},"end":{"line":5,"column":198}},"type":"binary-expr","locations":[{"start":{"line":5,"column":168},"end":{"line":5,"column":189}},{"start":{"line":5,"column":193},"end":{"line":5,"column":198}}]},"5":{"loc":{"start":{"line":5,"column":232},"end":{"line":5,"column":286}},"type":"if","locations":[{"start":{"line":5,"column":232},"end":{"line":5,"column":286}},{"start":{"line":5,"column":232},"end":{"line":5,"column":286}}]},"6":{"loc":{"start":{"line":5,"column":407},"end":{"line":5,"column":475}},"type":"if","locations":[{"start":{"line":5,"column":407},"end":{"line":5,"column":475}},{"start":{"line":5,"column":407},"end":{"line":5,"column":475}}]},"7":{"loc":{"start":{"line":5,"column":476},"end":{"line":5,"column":536}},"type":"if","locations":[{"start":{"line":5,"column":476},"end":{"line":5,"column":536}},{"start":{"line":5,"column":476},"end":{"line":5,"column":536}}]},"8":{"loc":{"start":{"line":7,"column":15},"end":{"line":7,"column":256}},"type":"binary-expr","locations":[{"start":{"line":7,"column":15},"end":{"line":7,"column":28}},{"start":{"line":7,"column":32},"end":{"line":7,"column":256}}]},"9":{"loc":{"start":{"line":7,"column":150},"end":{"line":7,"column":235}},"type":"if","locations":[{"start":{"line":7,"column":150},"end":{"line":7,"column":235}},{"start":{"line":7,"column":150},"end":{"line":7,"column":235}}]},"10":{"loc":{"start":{"line":25,"column":46},"end":{"line":25,"column":92}},"type":"cond-expr","locations":[{"start":{"line":25,"column":70},"end":{"line":25,"column":73}},{"start":{"line":25,"column":76},"end":{"line":25,"column":92}}]},"11":{"loc":{"start":{"line":25,"column":46},"end":{"line":25,"column":67}},"type":"binary-expr","locations":[{"start":{"line":25,"column":46},"end":{"line":25,"column":49}},{"start":{"line":25,"column":53},"end":{"line":25,"column":67}}]},"12":{"loc":{"start":{"line":27,"column":44},"end":{"line":27,"column":195}},"type":"if","locations":[{"start":{"line":27,"column":44},"end":{"line":27,"column":195}},{"start":{"line":27,"column":44},"end":{"line":27,"column":195}}]},"13":{"loc":{"start":{"line":29,"column":50},"end":{"line":29,"column":151}},"type":"if","locations":[{"start":{"line":29,"column":50},"end":{"line":29,"column":151}},{"start":{"line":29,"column":50},"end":{"line":29,"column":151}}]},"14":{"loc":{"start":{"line":31,"column":50},"end":{"line":31,"column":151}},"type":"if","locations":[{"start":{"line":31,"column":50},"end":{"line":31,"column":151}},{"start":{"line":31,"column":50},"end":{"line":31,"column":151}}]},"15":{"loc":{"start":{"line":31,"column":159},"end":{"line":31,"column":237}},"type":"cond-expr","locations":[{"start":{"line":31,"column":226},"end":{"line":31,"column":230}},{"start":{"line":31,"column":233},"end":{"line":31,"column":237}}]},"16":{"loc":{"start":{"line":31,"column":159},"end":{"line":31,"column":223}},"type":"binary-expr","locations":[{"start":{"line":31,"column":159},"end":{"line":31,"column":163}},{"start":{"line":31,"column":168},"end":{"line":31,"column":192}},{"start":{"line":31,"column":196},"end":{"line":31,"column":222}}]},"17":{"loc":{"start":{"line":33,"column":43},"end":{"line":33,"column":208}},"type":"if","locations":[{"start":{"line":33,"column":43},"end":{"line":33,"column":208}},{"start":{"line":33,"column":43},"end":{"line":33,"column":208}}]},"18":{"loc":{"start":{"line":33,"column":47},"end":{"line":33,"column":102}},"type":"binary-expr","locations":[{"start":{"line":33,"column":47},"end":{"line":33,"column":79}},{"start":{"line":33,"column":83},"end":{"line":33,"column":102}}]},"19":{"loc":{"start":{"line":33,"column":244},"end":{"line":33,"column":278}},"type":"binary-expr","locations":[{"start":{"line":33,"column":244},"end":{"line":33,"column":254}},{"start":{"line":33,"column":258},"end":{"line":33,"column":278}}]},"20":{"loc":{"start":{"line":33,"column":374},"end":{"line":33,"column":492}},"type":"if","locations":[{"start":{"line":33,"column":374},"end":{"line":33,"column":492}},{"start":{"line":33,"column":374},"end":{"line":33,"column":492}}]},"21":{"loc":{"start":{"line":33,"column":390},"end":{"line":33,"column":491}},"type":"cond-expr","locations":[{"start":{"line":33,"column":414},"end":{"line":33,"column":457}},{"start":{"line":33,"column":460},"end":{"line":33,"column":491}}]},"22":{"loc":{"start":{"line":86,"column":51},"end":{"line":86,"column":120}},"type":"binary-expr","locations":[{"start":{"line":86,"column":51},"end":{"line":86,"column":77}},{"start":{"line":86,"column":81},"end":{"line":86,"column":120}}]}},"s":{"0":1,"1":1,"2":0,"3":1,"4":1,"5":1,"6":1,"7":1,"8":1,"9":1,"10":1,"11":1,"12":1,"13":1,"14":1,"15":0,"16":1,"17":1,"18":0,"19":0,"20":0,"21":0,"22":0,"23":0,"24":1,"25":1,"26":1,"27":1,"28":1,"29":1,"30":1,"31":1,"32":2,"33":2,"34":1,"35":1,"36":2,"37":1,"38":0,"39":1,"40":0,"41":1,"42":1,"43":0,"44":1,"45":1,"46":1,"47":1,"48":1,"49":1,"50":1,"51":1,"52":1,"53":1,"54":1,"55":1,"56":1,"57":1,"58":1,"59":1,"60":1,"61":1,"62":1,"63":1,"64":1,"65":1,"66":1,"67":1,"68":1,"69":3,"70":1,"71":1,"72":1,"73":1,"74":1,"75":1,"76":1,"77":1,"78":1,"79":1,"80":1,"81":1,"82":1,"83":1,"84":1,"85":1,"86":1,"87":1,"88":1,"89":1,"90":0,"91":1,"92":1,"93":1,"94":1,"95":1,"96":1,"97":1,"98":1,"99":1,"100":1,"101":1,"102":1,"103":1,"104":1,"105":1,"106":1,"107":1,"108":1,"109":1,"110":1,"111":1,"112":1,"113":1,"114":1,"115":1,"116":1,"117":1,"118":1,"119":1,"120":1,"121":1,"122":1,"123":1,"124":1,"125":1,"126":1,"127":1,"128":1,"129":1,"130":1,"131":1,"132":1,"133":1,"134":1,"135":1,"136":1,"137":1,"138":1,"139":1,"140":1,"141":1,"142":1},"f":{"0":1,"1":0,"2":1,"3":1,"4":1,"5":0,"6":2,"7":2,"8":1,"9":1,"10":1,"11":1,"12":1,"13":1,"14":1,"15":1,"16":1,"17":3,"18":1,"19":1,"20":1,"21":1,"22":1,"23":1,"24":0,"25":1,"26":1,"27":1,"28":1},"b":{"0":[1,0],"1":[1,1],"2":[0,0],"3":[0,0,0,0],"4":[1,1],"5":[1,0],"6":[1,0],"7":[0,1],"8":[1,0],"9":[0,0],"10":[0,2],"11":[2,2],"12":[1,1],"13":[0,1],"14":[0,1],"15":[0,1],"16":[1,0,0],"17":[0,1],"18":[1,0],"19":[1,1],"20":[1,0],"21":[1,0],"22":[1,0]},"_coverageSchema":"332fd63041d2c1bcb487cc26dd0d5f7d97098a6c","hash":"665b38a91d9efe80203ddd5ab2f1452a3ef9f735","contentHash":"1222f57eaad9eaed146f418fca2d5781_10.1.2"},"/Users/chrislocasto/Projects/formwizard-react/dist/index.js":{"path":"/Users/chrislocasto/Projects/formwizard-react/dist/index.js","statementMap":{"0":{"start":{"line":3,"column":0},"end":{"line":5,"column":3}},"1":{"start":{"line":6,"column":0},"end":{"line":6,"column":57}},"2":{"start":{"line":8,"column":13},"end":{"line":8,"column":42}},"3":{"start":{"line":10,"column":14},"end":{"line":10,"column":44}},"4":{"start":{"line":12,"column":12},"end":{"line":12,"column":40}},"5":{"start":{"line":14,"column":13},"end":{"line":14,"column":42}},"6":{"start":{"line":16,"column":13},"end":{"line":16,"column":42}},"7":{"start":{"line":18,"column":14},"end":{"line":18,"column":44}},"8":{"start":{"line":21,"column":2},"end":{"line":21,"column":56}},"9":{"start":{"line":24,"column":0},"end":{"line":24,"column":91}},"10":{"start":{"line":25,"column":0},"end":{"line":25,"column":32}},"11":{"start":{"line":26,"column":0},"end":{"line":26,"column":30}},"12":{"start":{"line":27,"column":0},"end":{"line":27,"column":32}}},"fnMap":{"0":{"name":"_interopRequireDefault","decl":{"start":{"line":20,"column":9},"end":{"line":20,"column":31}},"loc":{"start":{"line":20,"column":37},"end":{"line":22,"column":1}}}},"branchMap":{"0":{"loc":{"start":{"line":21,"column":9},"end":{"line":21,"column":55}},"type":"cond-expr","locations":[{"start":{"line":21,"column":33},"end":{"line":21,"column":36}},{"start":{"line":21,"column":39},"end":{"line":21,"column":55}}]},"1":{"loc":{"start":{"line":21,"column":9},"end":{"line":21,"column":30}},"type":"binary-expr","locations":[{"start":{"line":21,"column":9},"end":{"line":21,"column":12}},{"start":{"line":21,"column":16},"end":{"line":21,"column":30}}]}},"s":{"0":1,"1":1,"2":1,"3":1,"4":1,"5":1,"6":1,"7":1,"8":3,"9":1,"10":1,"11":1,"12":1},"f":{"0":3},"b":{"0":[3,0],"1":[3,3]},"_coverageSchema":"332fd63041d2c1bcb487cc26dd0d5f7d97098a6c","hash":"e0f516ef8279e0a8c197f7b5bdebf327f37f06e0","contentHash":"5fb96eed111050e323e99308d2c3f943_10.1.2"},"/Users/chrislocasto/Projects/formwizard-react/dist/components/Field.js":{"path":"/Users/chrislocasto/Projects/formwizard-react/dist/components/Field.js","statementMap":{"0":{"start":{"line":3,"column":14},"end":{"line":3,"column":268}},"1":{"start":{"line":3,"column":101},"end":{"line":3,"column":119}},"2":{"start":{"line":3,"column":141},"end":{"line":3,"column":266}},"3":{"start":{"line":5,"column":0},"end":{"line":7,"column":3}},"4":{"start":{"line":9,"column":15},"end":{"line":17,"column":1}},"5":{"start":{"line":10,"column":2},"end":{"line":16,"column":3}},"6":{"start":{"line":11,"column":17},"end":{"line":11,"column":29}},"7":{"start":{"line":11,"column":30},"end":{"line":15,"column":5}},"8":{"start":{"line":12,"column":6},"end":{"line":14,"column":7}},"9":{"start":{"line":13,"column":8},"end":{"line":13,"column":34}},"10":{"start":{"line":16,"column":3},"end":{"line":16,"column":17}},"11":{"start":{"line":19,"column":19},"end":{"line":27,"column":3}},"12":{"start":{"line":21,"column":4},"end":{"line":23,"column":5}},"13":{"start":{"line":22,"column":23},"end":{"line":22,"column":31}},"14":{"start":{"line":22,"column":32},"end":{"line":22,"column":87}},"15":{"start":{"line":22,"column":87},"end":{"line":22,"column":118}},"16":{"start":{"line":22,"column":118},"end":{"line":22,"column":172}},"17":{"start":{"line":22,"column":145},"end":{"line":22,"column":172}},"18":{"start":{"line":22,"column":172},"end":{"line":22,"column":230}},"19":{"start":{"line":24,"column":3},"end":{"line":26,"column":4}},"20":{"start":{"line":25,"column":4},"end":{"line":25,"column":72}},"21":{"start":{"line":25,"column":20},"end":{"line":25,"column":72}},"22":{"start":{"line":25,"column":72},"end":{"line":25,"column":132}},"23":{"start":{"line":25,"column":89},"end":{"line":25,"column":132}},"24":{"start":{"line":25,"column":132},"end":{"line":25,"column":151}},"25":{"start":{"line":29,"column":13},"end":{"line":29,"column":29}},"26":{"start":{"line":31,"column":14},"end":{"line":31,"column":44}},"27":{"start":{"line":33,"column":14},"end":{"line":33,"column":40}},"28":{"start":{"line":35,"column":15},"end":{"line":35,"column":46}},"29":{"start":{"line":37,"column":13},"end":{"line":37,"column":31}},"30":{"start":{"line":39,"column":14},"end":{"line":39,"column":44}},"31":{"start":{"line":41,"column":17},"end":{"line":41,"column":48}},"32":{"start":{"line":44,"column":2},"end":{"line":44,"column":56}},"33":{"start":{"line":48,"column":2},"end":{"line":50,"column":3}},"34":{"start":{"line":49,"column":4},"end":{"line":49,"column":61}},"35":{"start":{"line":54,"column":2},"end":{"line":56,"column":3}},"36":{"start":{"line":55,"column":4},"end":{"line":55,"column":90}},"37":{"start":{"line":56,"column":3},"end":{"line":56,"column":137}},"38":{"start":{"line":60,"column":2},"end":{"line":62,"column":3}},"39":{"start":{"line":61,"column":4},"end":{"line":61,"column":158}},"40":{"start":{"line":62,"column":3},"end":{"line":62,"column":167}},"41":{"start":{"line":62,"column":167},"end":{"line":62,"column":285}},"42":{"start":{"line":62,"column":183},"end":{"line":62,"column":285}},"43":{"start":{"line":65,"column":12},"end":{"line":165,"column":28}},"44":{"start":{"line":66,"column":2},"end":{"line":66,"column":37}},"45":{"start":{"line":69,"column":4},"end":{"line":69,"column":33}},"46":{"start":{"line":71,"column":16},"end":{"line":71,"column":117}},"47":{"start":{"line":73,"column":4},"end":{"line":79,"column":6}},"48":{"start":{"line":81,"column":4},"end":{"line":81,"column":28}},"49":{"start":{"line":82,"column":4},"end":{"line":82,"column":49}},"50":{"start":{"line":84,"column":4},"end":{"line":84,"column":48}},"51":{"start":{"line":85,"column":4},"end":{"line":85,"column":62}},"52":{"start":{"line":86,"column":4},"end":{"line":86,"column":62}},"53":{"start":{"line":87,"column":4},"end":{"line":87,"column":167}},"54":{"start":{"line":88,"column":4},"end":{"line":88,"column":17}},"55":{"start":{"line":91,"column":2},"end":{"line":162,"column":6}},"56":{"start":{"line":94,"column":6},"end":{"line":97,"column":7}},"57":{"start":{"line":95,"column":8},"end":{"line":95,"column":31}},"58":{"start":{"line":96,"column":8},"end":{"line":96,"column":50}},"59":{"start":{"line":99,"column":6},"end":{"line":102,"column":7}},"60":{"start":{"line":100,"column":25},"end":{"line":100,"column":108}},"61":{"start":{"line":101,"column":8},"end":{"line":101,"column":127}},"62":{"start":{"line":107,"column":6},"end":{"line":107,"column":59}},"63":{"start":{"line":107,"column":47},"end":{"line":107,"column":59}},"64":{"start":{"line":108,"column":6},"end":{"line":108,"column":60}},"65":{"start":{"line":108,"column":48},"end":{"line":108,"column":60}},"66":{"start":{"line":109,"column":6},"end":{"line":109,"column":60}},"67":{"start":{"line":109,"column":48},"end":{"line":109,"column":60}},"68":{"start":{"line":110,"column":6},"end":{"line":110,"column":19}},"69":{"start":{"line":115,"column":6},"end":{"line":115,"column":29}},"70":{"start":{"line":116,"column":6},"end":{"line":116,"column":29}},"71":{"start":{"line":121,"column":18},"end":{"line":121,"column":32}},"72":{"start":{"line":123,"column":23},"end":{"line":123,"column":59}},"73":{"start":{"line":125,"column":6},"end":{"line":125,"column":106}},"74":{"start":{"line":126,"column":6},"end":{"line":126,"column":30}},"75":{"start":{"line":127,"column":6},"end":{"line":127,"column":38}},"76":{"start":{"line":132,"column":6},"end":{"line":139,"column":7}},"77":{"start":{"line":133,"column":8},"end":{"line":138,"column":11}},"78":{"start":{"line":141,"column":6},"end":{"line":141,"column":29}},"79":{"start":{"line":146,"column":6},"end":{"line":149,"column":7}},"80":{"start":{"line":147,"column":8},"end":{"line":147,"column":47}},"81":{"start":{"line":148,"column":8},"end":{"line":148,"column":31}},"82":{"start":{"line":154,"column":6},"end":{"line":160,"column":10}},"83":{"start":{"line":164,"column":2},"end":{"line":164,"column":15}},"84":{"start":{"line":167,"column":0},"end":{"line":174,"column":2}},"85":{"start":{"line":176,"column":0},"end":{"line":183,"column":2}},"86":{"start":{"line":185,"column":0},"end":{"line":185,"column":24}}},"fnMap":{"0":{"name":"(anonymous_0)","decl":{"start":{"line":3,"column":84},"end":{"line":3,"column":85}},"loc":{"start":{"line":3,"column":99},"end":{"line":3,"column":121}}},"1":{"name":"(anonymous_1)","decl":{"start":{"line":3,"column":124},"end":{"line":3,"column":125}},"loc":{"start":{"line":3,"column":139},"end":{"line":3,"column":268}}},"2":{"name":"(anonymous_2)","decl":{"start":{"line":9,"column":32},"end":{"line":9,"column":33}},"loc":{"start":{"line":9,"column":50},"end":{"line":17,"column":1}}},"3":{"name":"(anonymous_3)","decl":{"start":{"line":19,"column":19},"end":{"line":19,"column":20}},"loc":{"start":{"line":19,"column":31},"end":{"line":27,"column":1}}},"4":{"name":"defineProperties","decl":{"start":{"line":20,"column":11},"end":{"line":20,"column":27}},"loc":{"start":{"line":20,"column":43},"end":{"line":24,"column":3}}},"5":{"name":"(anonymous_5)","decl":{"start":{"line":24,"column":10},"end":{"line":24,"column":11}},"loc":{"start":{"line":24,"column":58},"end":{"line":26,"column":3}}},"6":{"name":"_interopRequireDefault","decl":{"start":{"line":43,"column":9},"end":{"line":43,"column":31}},"loc":{"start":{"line":43,"column":37},"end":{"line":45,"column":1}}},"7":{"name":"_classCallCheck","decl":{"start":{"line":47,"column":9},"end":{"line":47,"column":24}},"loc":{"start":{"line":47,"column":48},"end":{"line":51,"column":1}}},"8":{"name":"_possibleConstructorReturn","decl":{"start":{"line":53,"column":9},"end":{"line":53,"column":35}},"loc":{"start":{"line":53,"column":48},"end":{"line":57,"column":1}}},"9":{"name":"_inherits","decl":{"start":{"line":59,"column":9},"end":{"line":59,"column":18}},"loc":{"start":{"line":59,"column":41},"end":{"line":63,"column":1}}},"10":{"name":"(anonymous_10)","decl":{"start":{"line":65,"column":12},"end":{"line":65,"column":13}},"loc":{"start":{"line":65,"column":40},"end":{"line":165,"column":1}}},"11":{"name":"Field","decl":{"start":{"line":68,"column":11},"end":{"line":68,"column":16}},"loc":{"start":{"line":68,"column":24},"end":{"line":89,"column":3}}},"12":{"name":"componentWillUpdate","decl":{"start":{"line":93,"column":20},"end":{"line":93,"column":39}},"loc":{"start":{"line":93,"column":51},"end":{"line":103,"column":5}}},"13":{"name":"shouldComponentUpdate","decl":{"start":{"line":106,"column":20},"end":{"line":106,"column":41}},"loc":{"start":{"line":106,"column":53},"end":{"line":111,"column":5}}},"14":{"name":"componentWillUnmount","decl":{"start":{"line":114,"column":20},"end":{"line":114,"column":40}},"loc":{"start":{"line":114,"column":43},"end":{"line":117,"column":5}}},"15":{"name":"onChange","decl":{"start":{"line":120,"column":20},"end":{"line":120,"column":28}},"loc":{"start":{"line":120,"column":32},"end":{"line":128,"column":5}}},"16":{"name":"broadcastChange","decl":{"start":{"line":131,"column":20},"end":{"line":131,"column":35}},"loc":{"start":{"line":131,"column":38},"end":{"line":142,"column":5}}},"17":{"name":"cancelBroadcast","decl":{"start":{"line":145,"column":20},"end":{"line":145,"column":35}},"loc":{"start":{"line":145,"column":38},"end":{"line":150,"column":5}}},"18":{"name":"render","decl":{"start":{"line":153,"column":20},"end":{"line":153,"column":26}},"loc":{"start":{"line":153,"column":29},"end":{"line":161,"column":5}}}},"branchMap":{"0":{"loc":{"start":{"line":3,"column":14},"end":{"line":3,"column":268}},"type":"cond-expr","locations":[{"start":{"line":3,"column":84},"end":{"line":3,"column":121}},{"start":{"line":3,"column":124},"end":{"line":3,"column":268}}]},"1":{"loc":{"start":{"line":3,"column":14},"end":{"line":3,"column":81}},"type":"binary-expr","locations":[{"start":{"line":3,"column":14},"end":{"line":3,"column":42}},{"start":{"line":3,"column":46},"end":{"line":3,"column":81}}]},"2":{"loc":{"start":{"line":3,"column":148},"end":{"line":3,"column":265}},"type":"cond-expr","locations":[{"start":{"line":3,"column":244},"end":{"line":3,"column":252}},{"start":{"line":3,"column":255},"end":{"line":3,"column":265}}]},"3":{"loc":{"start":{"line":3,"column":148},"end":{"line":3,"column":241}},"type":"binary-expr","locations":[{"start":{"line":3,"column":148},"end":{"line":3,"column":151}},{"start":{"line":3,"column":155},"end":{"line":3,"column":183}},{"start":{"line":3,"column":187},"end":{"line":3,"column":213}},{"start":{"line":3,"column":217},"end":{"line":3,"column":241}}]},"4":{"loc":{"start":{"line":9,"column":15},"end":{"line":17,"column":1}},"type":"binary-expr","locations":[{"start":{"line":9,"column":15},"end":{"line":9,"column":28}},{"start":{"line":9,"column":32},"end":{"line":17,"column":1}}]},"5":{"loc":{"start":{"line":12,"column":6},"end":{"line":14,"column":7}},"type":"if","locations":[{"start":{"line":12,"column":6},"end":{"line":14,"column":7}},{"start":{"line":12,"column":6},"end":{"line":14,"column":7}}]},"6":{"loc":{"start":{"line":22,"column":56},"end":{"line":22,"column":86}},"type":"binary-expr","locations":[{"start":{"line":22,"column":56},"end":{"line":22,"column":77}},{"start":{"line":22,"column":81},"end":{"line":22,"column":86}}]},"7":{"loc":{"start":{"line":22,"column":118},"end":{"line":22,"column":172}},"type":"if","locations":[{"start":{"line":22,"column":118},"end":{"line":22,"column":172}},{"start":{"line":22,"column":118},"end":{"line":22,"column":172}}]},"8":{"loc":{"start":{"line":25,"column":4},"end":{"line":25,"column":72}},"type":"if","locations":[{"start":{"line":25,"column":4},"end":{"line":25,"column":72}},{"start":{"line":25,"column":4},"end":{"line":25,"column":72}}]},"9":{"loc":{"start":{"line":25,"column":72},"end":{"line":25,"column":132}},"type":"if","locations":[{"start":{"line":25,"column":72},"end":{"line":25,"column":132}},{"start":{"line":25,"column":72},"end":{"line":25,"column":132}}]},"10":{"loc":{"start":{"line":44,"column":9},"end":{"line":44,"column":55}},"type":"cond-expr","locations":[{"start":{"line":44,"column":33},"end":{"line":44,"column":36}},{"start":{"line":44,"column":39},"end":{"line":44,"column":55}}]},"11":{"loc":{"start":{"line":44,"column":9},"end":{"line":44,"column":30}},"type":"binary-expr","locations":[{"start":{"line":44,"column":9},"end":{"line":44,"column":12}},{"start":{"line":44,"column":16},"end":{"line":44,"column":30}}]},"12":{"loc":{"start":{"line":48,"column":2},"end":{"line":50,"column":3}},"type":"if","locations":[{"start":{"line":48,"column":2},"end":{"line":50,"column":3}},{"start":{"line":48,"column":2},"end":{"line":50,"column":3}}]},"13":{"loc":{"start":{"line":54,"column":2},"end":{"line":56,"column":3}},"type":"if","locations":[{"start":{"line":54,"column":2},"end":{"line":56,"column":3}},{"start":{"line":54,"column":2},"end":{"line":56,"column":3}}]},"14":{"loc":{"start":{"line":56,"column":10},"end":{"line":56,"column":136}},"type":"cond-expr","locations":[{"start":{"line":56,"column":125},"end":{"line":56,"column":129}},{"start":{"line":56,"column":132},"end":{"line":56,"column":136}}]},"15":{"loc":{"start":{"line":56,"column":10},"end":{"line":56,"column":122}},"type":"binary-expr","locations":[{"start":{"line":56,"column":10},"end":{"line":56,"column":14}},{"start":{"line":56,"column":19},"end":{"line":56,"column":91}},{"start":{"line":56,"column":95},"end":{"line":56,"column":121}}]},"16":{"loc":{"start":{"line":56,"column":20},"end":{"line":56,"column":77}},"type":"cond-expr","locations":[{"start":{"line":56,"column":50},"end":{"line":56,"column":61}},{"start":{"line":56,"column":64},"end":{"line":56,"column":77}}]},"17":{"loc":{"start":{"line":60,"column":2},"end":{"line":62,"column":3}},"type":"if","locations":[{"start":{"line":60,"column":2},"end":{"line":62,"column":3}},{"start":{"line":60,"column":2},"end":{"line":62,"column":3}}]},"18":{"loc":{"start":{"line":60,"column":6},"end":{"line":60,"column":61}},"type":"binary-expr","locations":[{"start":{"line":60,"column":6},"end":{"line":60,"column":38}},{"start":{"line":60,"column":42},"end":{"line":60,"column":61}}]},"19":{"loc":{"start":{"line":61,"column":86},"end":{"line":61,"column":155}},"type":"cond-expr","locations":[{"start":{"line":61,"column":122},"end":{"line":61,"column":133}},{"start":{"line":61,"column":136},"end":{"line":61,"column":155}}]},"20":{"loc":{"start":{"line":62,"column":38},"end":{"line":62,"column":72}},"type":"binary-expr","locations":[{"start":{"line":62,"column":38},"end":{"line":62,"column":48}},{"start":{"line":62,"column":52},"end":{"line":62,"column":72}}]},"21":{"loc":{"start":{"line":62,"column":167},"end":{"line":62,"column":285}},"type":"if","locations":[{"start":{"line":62,"column":167},"end":{"line":62,"column":285}},{"start":{"line":62,"column":167},"end":{"line":62,"column":285}}]},"22":{"loc":{"start":{"line":62,"column":183},"end":{"line":62,"column":284}},"type":"cond-expr","locations":[{"start":{"line":62,"column":207},"end":{"line":62,"column":250}},{"start":{"line":62,"column":253},"end":{"line":62,"column":284}}]},"23":{"loc":{"start":{"line":71,"column":50},"end":{"line":71,"column":97}},"type":"binary-expr","locations":[{"start":{"line":71,"column":50},"end":{"line":71,"column":65}},{"start":{"line":71,"column":69},"end":{"line":71,"column":97}}]},"24":{"loc":{"start":{"line":74,"column":13},"end":{"line":74,"column":30}},"type":"binary-expr","locations":[{"start":{"line":74,"column":13},"end":{"line":74,"column":24}},{"start":{"line":74,"column":28},"end":{"line":74,"column":30}}]},"25":{"loc":{"start":{"line":77,"column":24},"end":{"line":77,"column":84}},"type":"binary-expr","locations":[{"start":{"line":77,"column":24},"end":{"line":77,"column":79}},{"start":{"line":77,"column":83},"end":{"line":77,"column":84}}]},"26":{"loc":{"start":{"line":82,"column":18},"end":{"line":82,"column":48}},"type":"binary-expr","locations":[{"start":{"line":82,"column":18},"end":{"line":82,"column":29}},{"start":{"line":82,"column":33},"end":{"line":82,"column":48}}]},"27":{"loc":{"start":{"line":87,"column":37},"end":{"line":87,"column":166}},"type":"cond-expr","locations":[{"start":{"line":87,"column":68},"end":{"line":87,"column":142}},{"start":{"line":87,"column":145},"end":{"line":87,"column":166}}]},"28":{"loc":{"start":{"line":94,"column":6},"end":{"line":97,"column":7}},"type":"if","locations":[{"start":{"line":94,"column":6},"end":{"line":97,"column":7}},{"start":{"line":94,"column":6},"end":{"line":97,"column":7}}]},"29":{"loc":{"start":{"line":94,"column":10},"end":{"line":94,"column":85}},"type":"binary-expr","locations":[{"start":{"line":94,"column":10},"end":{"line":94,"column":46}},{"start":{"line":94,"column":50},"end":{"line":94,"column":85}}]},"30":{"loc":{"start":{"line":99,"column":6},"end":{"line":102,"column":7}},"type":"if","locations":[{"start":{"line":99,"column":6},"end":{"line":102,"column":7}},{"start":{"line":99,"column":6},"end":{"line":102,"column":7}}]},"31":{"loc":{"start":{"line":107,"column":6},"end":{"line":107,"column":59}},"type":"if","locations":[{"start":{"line":107,"column":6},"end":{"line":107,"column":59}},{"start":{"line":107,"column":6},"end":{"line":107,"column":59}}]},"32":{"loc":{"start":{"line":108,"column":6},"end":{"line":108,"column":60}},"type":"if","locations":[{"start":{"line":108,"column":6},"end":{"line":108,"column":60}},{"start":{"line":108,"column":6},"end":{"line":108,"column":60}}]},"33":{"loc":{"start":{"line":109,"column":6},"end":{"line":109,"column":60}},"type":"if","locations":[{"start":{"line":109,"column":6},"end":{"line":109,"column":60}},{"start":{"line":109,"column":6},"end":{"line":109,"column":60}}]},"34":{"loc":{"start":{"line":132,"column":6},"end":{"line":139,"column":7}},"type":"if","locations":[{"start":{"line":132,"column":6},"end":{"line":139,"column":7}},{"start":{"line":132,"column":6},"end":{"line":139,"column":7}}]},"35":{"loc":{"start":{"line":146,"column":6},"end":{"line":149,"column":7}},"type":"if","locations":[{"start":{"line":146,"column":6},"end":{"line":149,"column":7}},{"start":{"line":146,"column":6},"end":{"line":149,"column":7}}]}},"s":{"0":1,"1":0,"2":0,"3":1,"4":1,"5":0,"6":0,"7":0,"8":0,"9":0,"10":0,"11":1,"12":1,"13":7,"14":7,"15":7,"16":7,"17":7,"18":7,"19":1,"20":1,"21":1,"22":1,"23":0,"24":1,"25":1,"26":1,"27":1,"28":1,"29":1,"30":1,"31":1,"32":3,"33":34,"34":0,"35":34,"36":0,"37":34,"38":1,"39":0,"40":1,"41":1,"42":1,"43":1,"44":1,"45":34,"46":34,"47":34,"48":34,"49":34,"50":34,"51":34,"52":34,"53":34,"54":34,"55":1,"56":34,"57":0,"58":0,"59":34,"60":0,"61":0,"62":34,"63":34,"64":0,"65":0,"66":0,"67":0,"68":0,"69":0,"70":0,"71":34,"72":34,"73":34,"74":34,"75":34,"76":34,"77":0,"78":34,"79":0,"80":0,"81":0,"82":68,"83":1,"84":1,"85":1,"86":1},"f":{"0":0,"1":0,"2":0,"3":1,"4":1,"5":1,"6":3,"7":34,"8":34,"9":1,"10":1,"11":34,"12":34,"13":34,"14":0,"15":34,"16":34,"17":0,"18":68},"b":{"0":[1,0],"1":[1,1],"2":[0,0],"3":[0,0,0,0],"4":[1,0],"5":[0,0],"6":[7,7],"7":[7,0],"8":[1,0],"9":[0,1],"10":[1,2],"11":[3,3],"12":[0,34],"13":[0,34],"14":[0,34],"15":[34,0,0],"16":[0,0],"17":[0,1],"18":[1,0],"19":[0,0],"20":[1,1],"21":[1,0],"22":[1,0],"23":[34,0],"24":[34,17],"25":[34,32],"26":[34,31],"27":[2,32],"28":[0,34],"29":[34,0],"30":[0,34],"31":[34,0],"32":[0,0],"33":[0,0],"34":[0,34],"35":[0,0]},"_coverageSchema":"332fd63041d2c1bcb487cc26dd0d5f7d97098a6c","hash":"05645eaadbc111466ee246bdc988656d856c2aa8","contentHash":"e235c5b0e26702284c9445ed32da0c0d_10.1.2"},"/Users/chrislocasto/Projects/formwizard-react/dist/components/Input.js":{"path":"/Users/chrislocasto/Projects/formwizard-react/dist/components/Input.js","statementMap":{"0":{"start":{"line":3,"column":0},"end":{"line":5,"column":3}},"1":{"start":{"line":7,"column":13},"end":{"line":7,"column":29}},"2":{"start":{"line":9,"column":14},"end":{"line":9,"column":44}},"3":{"start":{"line":12,"column":2},"end":{"line":12,"column":56}},"4":{"start":{"line":15,"column":12},"end":{"line":24,"column":1}},"5":{"start":{"line":16,"column":14},"end":{"line":16,"column":84}},"6":{"start":{"line":17,"column":2},"end":{"line":23,"column":7}},"7":{"start":{"line":26,"column":0},"end":{"line":32,"column":2}},"8":{"start":{"line":34,"column":0},"end":{"line":40,"column":2}},"9":{"start":{"line":42,"column":0},"end":{"line":42,"column":24}}},"fnMap":{"0":{"name":"_interopRequireDefault","decl":{"start":{"line":11,"column":9},"end":{"line":11,"column":31}},"loc":{"start":{"line":11,"column":37},"end":{"line":13,"column":1}}},"1":{"name":"Input","decl":{"start":{"line":15,"column":21},"end":{"line":15,"column":26}},"loc":{"start":{"line":15,"column":29},"end":{"line":24,"column":1}}}},"branchMap":{"0":{"loc":{"start":{"line":12,"column":9},"end":{"line":12,"column":55}},"type":"cond-expr","locations":[{"start":{"line":12,"column":33},"end":{"line":12,"column":36}},{"start":{"line":12,"column":39},"end":{"line":12,"column":55}}]},"1":{"loc":{"start":{"line":12,"column":9},"end":{"line":12,"column":30}},"type":"binary-expr","locations":[{"start":{"line":12,"column":9},"end":{"line":12,"column":12}},{"start":{"line":12,"column":16},"end":{"line":12,"column":30}}]},"2":{"loc":{"start":{"line":16,"column":14},"end":{"line":16,"column":84}},"type":"cond-expr","locations":[{"start":{"line":16,"column":67},"end":{"line":16,"column":79}},{"start":{"line":16,"column":82},"end":{"line":16,"column":84}}]},"3":{"loc":{"start":{"line":16,"column":14},"end":{"line":16,"column":64}},"type":"binary-expr","locations":[{"start":{"line":16,"column":14},"end":{"line":16,"column":34}},{"start":{"line":16,"column":38},"end":{"line":16,"column":64}}]}},"s":{"0":1,"1":1,"2":1,"3":1,"4":1,"5":69,"6":69,"7":1,"8":1,"9":1},"f":{"0":1,"1":69},"b":{"0":[0,1],"1":[1,1],"2":[69,0],"3":[69,69]},"_coverageSchema":"332fd63041d2c1bcb487cc26dd0d5f7d97098a6c","hash":"2bb8a215529d3ece8e8c32ed258724f2e1eccf22","contentHash":"e7afab39e6f86370a103e40702c3ca63_10.1.2"},"/Users/chrislocasto/Projects/formwizard-react/dist/helpers/utilities.js":{"path":"/Users/chrislocasto/Projects/formwizard-react/dist/helpers/utilities.js","statementMap":{"0":{"start":{"line":3,"column":15},"end":{"line":3,"column":269}},"1":{"start":{"line":3,"column":102},"end":{"line":3,"column":120}},"2":{"start":{"line":3,"column":142},"end":{"line":3,"column":267}},"3":{"start":{"line":5,"column":0},"end":{"line":7,"column":3}},"4":{"start":{"line":9,"column":14},"end":{"line":13,"column":1}},"5":{"start":{"line":10,"column":2},"end":{"line":10,"column":66}},"6":{"start":{"line":12,"column":2},"end":{"line":12,"column":173}},"7":{"start":{"line":15,"column":0},"end":{"line":15,"column":48}},"8":{"start":{"line":16,"column":0},"end":{"line":16,"column":44}},"9":{"start":{"line":17,"column":0},"end":{"line":17,"column":26}},"10":{"start":{"line":18,"column":0},"end":{"line":18,"column":28}},"11":{"start":{"line":19,"column":0},"end":{"line":19,"column":42}},"12":{"start":{"line":21,"column":18},"end":{"line":21,"column":41}},"13":{"start":{"line":23,"column":25},"end":{"line":23,"column":61}},"14":{"start":{"line":26,"column":2},"end":{"line":34,"column":3}},"15":{"start":{"line":27,"column":4},"end":{"line":27,"column":15}},"16":{"start":{"line":29,"column":17},"end":{"line":29,"column":19}},"17":{"start":{"line":29,"column":20},"end":{"line":33,"column":5}},"18":{"start":{"line":30,"column":6},"end":{"line":32,"column":7}},"19":{"start":{"line":31,"column":8},"end":{"line":31,"column":83}},"20":{"start":{"line":31,"column":60},"end":{"line":31,"column":83}},"21":{"start":{"line":33,"column":5},"end":{"line":33,"column":26}},"22":{"start":{"line":33,"column":26},"end":{"line":33,"column":40}},"23":{"start":{"line":38,"column":2},"end":{"line":42,"column":3}},"24":{"start":{"line":39,"column":4},"end":{"line":39,"column":108}},"25":{"start":{"line":41,"column":4},"end":{"line":41,"column":21}},"26":{"start":{"line":42,"column":3},"end":{"line":42,"column":14}},"27":{"start":{"line":46,"column":14},"end":{"line":46,"column":24}},"28":{"start":{"line":47,"column":15},"end":{"line":47,"column":26}},"29":{"start":{"line":48,"column":17},"end":{"line":48,"column":30}},"30":{"start":{"line":49,"column":14},"end":{"line":49,"column":24}},"31":{"start":{"line":50,"column":14},"end":{"line":50,"column":24}},"32":{"start":{"line":51,"column":15},"end":{"line":51,"column":26}},"33":{"start":{"line":52,"column":12},"end":{"line":52,"column":20}},"34":{"start":{"line":53,"column":12},"end":{"line":53,"column":20}},"35":{"start":{"line":54,"column":15},"end":{"line":54,"column":26}},"36":{"start":{"line":56,"column":19},"end":{"line":56,"column":21}},"37":{"start":{"line":57,"column":2},"end":{"line":59,"column":3}},"38":{"start":{"line":58,"column":4},"end":{"line":58,"column":84}},"39":{"start":{"line":60,"column":2},"end":{"line":62,"column":3}},"40":{"start":{"line":61,"column":4},"end":{"line":61,"column":58}},"41":{"start":{"line":63,"column":2},"end":{"line":65,"column":3}},"42":{"start":{"line":64,"column":4},"end":{"line":64,"column":56}},"43":{"start":{"line":66,"column":2},"end":{"line":68,"column":3}},"44":{"start":{"line":67,"column":4},"end":{"line":67,"column":55}},"45":{"start":{"line":69,"column":2},"end":{"line":71,"column":3}},"46":{"start":{"line":70,"column":4},"end":{"line":70,"column":50}},"47":{"start":{"line":72,"column":2},"end":{"line":74,"column":3}},"48":{"start":{"line":73,"column":4},"end":{"line":73,"column":54}},"49":{"start":{"line":75,"column":2},"end":{"line":77,"column":3}},"50":{"start":{"line":76,"column":4},"end":{"line":76,"column":49}},"51":{"start":{"line":78,"column":2},"end":{"line":80,"column":3}},"52":{"start":{"line":79,"column":4},"end":{"line":79,"column":49}},"53":{"start":{"line":81,"column":2},"end":{"line":81,"column":63}},"54":{"start":{"line":81,"column":36},"end":{"line":81,"column":63}},"55":{"start":{"line":82,"column":2},"end":{"line":82,"column":20}},"56":{"start":{"line":86,"column":2},"end":{"line":86,"column":67}},"57":{"start":{"line":90,"column":2},"end":{"line":93,"column":11}},"58":{"start":{"line":91,"column":4},"end":{"line":91,"column":30}},"59":{"start":{"line":91,"column":17},"end":{"line":91,"column":30}},"60":{"start":{"line":92,"column":4},"end":{"line":92,"column":28}},"61":{"start":{"line":97,"column":14},"end":{"line":97,"column":30}},"62":{"start":{"line":98,"column":14},"end":{"line":98,"column":30}},"63":{"start":{"line":99,"column":15},"end":{"line":99,"column":32}},"64":{"start":{"line":100,"column":17},"end":{"line":100,"column":36}},"65":{"start":{"line":102,"column":2},"end":{"line":102,"column":98}},"66":{"start":{"line":106,"column":14},"end":{"line":106,"column":18}},"67":{"start":{"line":108,"column":2},"end":{"line":108,"column":21}},"68":{"start":{"line":108,"column":14},"end":{"line":108,"column":21}},"69":{"start":{"line":110,"column":2},"end":{"line":129,"column":3}},"70":{"start":{"line":111,"column":4},"end":{"line":113,"column":7}},"71":{"start":{"line":112,"column":6},"end":{"line":112,"column":41}},"72":{"start":{"line":114,"column":9},"end":{"line":129,"column":3}},"73":{"start":{"line":115,"column":4},"end":{"line":115,"column":69}},"74":{"start":{"line":116,"column":9},"end":{"line":129,"column":3}},"75":{"start":{"line":117,"column":15},"end":{"line":117,"column":26}},"76":{"start":{"line":118,"column":16},"end":{"line":118,"column":27}},"77":{"start":{"line":119,"column":16},"end":{"line":119,"column":27}},"78":{"start":{"line":120,"column":19},"end":{"line":120,"column":33}},"79":{"start":{"line":122,"column":19},"end":{"line":122,"column":63}},"80":{"start":{"line":124,"column":4},"end":{"line":124,"column":71}},"81":{"start":{"line":124,"column":29},"end":{"line":124,"column":71}},"82":{"start":{"line":125,"column":4},"end":{"line":125,"column":71}},"83":{"start":{"line":125,"column":29},"end":{"line":125,"column":71}},"84":{"start":{"line":126,"column":4},"end":{"line":126,"column":80}},"85":{"start":{"line":126,"column":32},"end":{"line":126,"column":80}},"86":{"start":{"line":128,"column":4},"end":{"line":128,"column":32}}},"fnMap":{"0":{"name":"(anonymous_0)","decl":{"start":{"line":3,"column":85},"end":{"line":3,"column":86}},"loc":{"start":{"line":3,"column":100},"end":{"line":3,"column":122}}},"1":{"name":"(anonymous_1)","decl":{"start":{"line":3,"column":125},"end":{"line":3,"column":126}},"loc":{"start":{"line":3,"column":140},"end":{"line":3,"column":269}}},"2":{"name":"(anonymous_2)","decl":{"start":{"line":9,"column":87},"end":{"line":9,"column":88}},"loc":{"start":{"line":9,"column":102},"end":{"line":11,"column":1}}},"3":{"name":"(anonymous_3)","decl":{"start":{"line":11,"column":4},"end":{"line":11,"column":5}},"loc":{"start":{"line":11,"column":19},"end":{"line":13,"column":1}}},"4":{"name":"_interopRequireWildcard","decl":{"start":{"line":25,"column":9},"end":{"line":25,"column":32}},"loc":{"start":{"line":25,"column":38},"end":{"line":35,"column":1}}},"5":{"name":"_defineProperty","decl":{"start":{"line":37,"column":9},"end":{"line":37,"column":24}},"loc":{"start":{"line":37,"column":42},"end":{"line":43,"column":1}}},"6":{"name":"assembleValidators","decl":{"start":{"line":45,"column":9},"end":{"line":45,"column":27}},"loc":{"start":{"line":45,"column":34},"end":{"line":83,"column":1}}},"7":{"name":"updateValidators","decl":{"start":{"line":85,"column":9},"end":{"line":85,"column":25}},"loc":{"start":{"line":85,"column":46},"end":{"line":87,"column":1}}},"8":{"name":"isValid","decl":{"start":{"line":89,"column":9},"end":{"line":89,"column":16}},"loc":{"start":{"line":89,"column":36},"end":{"line":94,"column":1}}},"9":{"name":"(anonymous_9)","decl":{"start":{"line":90,"column":27},"end":{"line":90,"column":28}},"loc":{"start":{"line":90,"column":56},"end":{"line":93,"column":3}}},"10":{"name":"onChange","decl":{"start":{"line":96,"column":9},"end":{"line":96,"column":17}},"loc":{"start":{"line":96,"column":30},"end":{"line":103,"column":1}}},"11":{"name":"addFieldToState","decl":{"start":{"line":105,"column":9},"end":{"line":105,"column":24}},"loc":{"start":{"line":105,"column":32},"end":{"line":130,"column":1}}},"12":{"name":"(anonymous_12)","decl":{"start":{"line":111,"column":18},"end":{"line":111,"column":19}},"loc":{"start":{"line":111,"column":34},"end":{"line":113,"column":5}}}},"branchMap":{"0":{"loc":{"start":{"line":3,"column":15},"end":{"line":3,"column":269}},"type":"cond-expr","locations":[{"start":{"line":3,"column":85},"end":{"line":3,"column":122}},{"start":{"line":3,"column":125},"end":{"line":3,"column":269}}]},"1":{"loc":{"start":{"line":3,"column":15},"end":{"line":3,"column":82}},"type":"binary-expr","locations":[{"start":{"line":3,"column":15},"end":{"line":3,"column":43}},{"start":{"line":3,"column":47},"end":{"line":3,"column":82}}]},"2":{"loc":{"start":{"line":3,"column":149},"end":{"line":3,"column":266}},"type":"cond-expr","locations":[{"start":{"line":3,"column":245},"end":{"line":3,"column":253}},{"start":{"line":3,"column":256},"end":{"line":3,"column":266}}]},"3":{"loc":{"start":{"line":3,"column":149},"end":{"line":3,"column":242}},"type":"binary-expr","locations":[{"start":{"line":3,"column":149},"end":{"line":3,"column":152}},{"start":{"line":3,"column":156},"end":{"line":3,"column":184}},{"start":{"line":3,"column":188},"end":{"line":3,"column":214}},{"start":{"line":3,"column":218},"end":{"line":3,"column":242}}]},"4":{"loc":{"start":{"line":9,"column":14},"end":{"line":13,"column":1}},"type":"cond-expr","locations":[{"start":{"line":9,"column":87},"end":{"line":11,"column":1}},{"start":{"line":11,"column":4},"end":{"line":13,"column":1}}]},"5":{"loc":{"start":{"line":9,"column":14},"end":{"line":9,"column":84}},"type":"binary-expr","locations":[{"start":{"line":9,"column":14},"end":{"line":9,"column":42}},{"start":{"line":9,"column":46},"end":{"line":9,"column":84}}]},"6":{"loc":{"start":{"line":10,"column":9},"end":{"line":10,"column":65}},"type":"cond-expr","locations":[{"start":{"line":10,"column":38},"end":{"line":10,"column":49}},{"start":{"line":10,"column":52},"end":{"line":10,"column":65}}]},"7":{"loc":{"start":{"line":12,"column":9},"end":{"line":12,"column":172}},"type":"cond-expr","locations":[{"start":{"line":12,"column":105},"end":{"line":12,"column":113}},{"start":{"line":12,"column":116},"end":{"line":12,"column":172}}]},"8":{"loc":{"start":{"line":12,"column":9},"end":{"line":12,"column":102}},"type":"binary-expr","locations":[{"start":{"line":12,"column":9},"end":{"line":12,"column":12}},{"start":{"line":12,"column":16},"end":{"line":12,"column":44}},{"start":{"line":12,"column":48},"end":{"line":12,"column":74}},{"start":{"line":12,"column":78},"end":{"line":12,"column":102}}]},"9":{"loc":{"start":{"line":12,"column":116},"end":{"line":12,"column":172}},"type":"cond-expr","locations":[{"start":{"line":12,"column":145},"end":{"line":12,"column":156}},{"start":{"line":12,"column":159},"end":{"line":12,"column":172}}]},"10":{"loc":{"start":{"line":26,"column":2},"end":{"line":34,"column":3}},"type":"if","locations":[{"start":{"line":26,"column":2},"end":{"line":34,"column":3}},{"start":{"line":26,"column":2},"end":{"line":34,"column":3}}]},"11":{"loc":{"start":{"line":26,"column":6},"end":{"line":26,"column":27}},"type":"binary-expr","locations":[{"start":{"line":26,"column":6},"end":{"line":26,"column":9}},{"start":{"line":26,"column":13},"end":{"line":26,"column":27}}]},"12":{"loc":{"start":{"line":29,"column":20},"end":{"line":33,"column":5}},"type":"if","locations":[{"start":{"line":29,"column":20},"end":{"line":33,"column":5}},{"start":{"line":29,"column":20},"end":{"line":33,"column":5}}]},"13":{"loc":{"start":{"line":31,"column":8},"end":{"line":31,"column":83}},"type":"if","locations":[{"start":{"line":31,"column":8},"end":{"line":31,"column":83}},{"start":{"line":31,"column":8},"end":{"line":31,"column":83}}]},"14":{"loc":{"start":{"line":38,"column":2},"end":{"line":42,"column":3}},"type":"if","locations":[{"start":{"line":38,"column":2},"end":{"line":42,"column":3}},{"start":{"line":38,"column":2},"end":{"line":42,"column":3}}]},"15":{"loc":{"start":{"line":57,"column":2},"end":{"line":59,"column":3}},"type":"if","locations":[{"start":{"line":57,"column":2},"end":{"line":59,"column":3}},{"start":{"line":57,"column":2},"end":{"line":59,"column":3}}]},"16":{"loc":{"start":{"line":58,"column":48},"end":{"line":58,"column":82}},"type":"cond-expr","locations":[{"start":{"line":58,"column":65},"end":{"line":58,"column":74}},{"start":{"line":58,"column":77},"end":{"line":58,"column":82}}]},"17":{"loc":{"start":{"line":60,"column":2},"end":{"line":62,"column":3}},"type":"if","locations":[{"start":{"line":60,"column":2},"end":{"line":62,"column":3}},{"start":{"line":60,"column":2},"end":{"line":62,"column":3}}]},"18":{"loc":{"start":{"line":63,"column":2},"end":{"line":65,"column":3}},"type":"if","locations":[{"start":{"line":63,"column":2},"end":{"line":65,"column":3}},{"start":{"line":63,"column":2},"end":{"line":65,"column":3}}]},"19":{"loc":{"start":{"line":66,"column":2},"end":{"line":68,"column":3}},"type":"if","locations":[{"start":{"line":66,"column":2},"end":{"line":68,"column":3}},{"start":{"line":66,"column":2},"end":{"line":68,"column":3}}]},"20":{"loc":{"start":{"line":69,"column":2},"end":{"line":71,"column":3}},"type":"if","locations":[{"start":{"line":69,"column":2},"end":{"line":71,"column":3}},{"start":{"line":69,"column":2},"end":{"line":71,"column":3}}]},"21":{"loc":{"start":{"line":72,"column":2},"end":{"line":74,"column":3}},"type":"if","locations":[{"start":{"line":72,"column":2},"end":{"line":74,"column":3}},{"start":{"line":72,"column":2},"end":{"line":74,"column":3}}]},"22":{"loc":{"start":{"line":75,"column":2},"end":{"line":77,"column":3}},"type":"if","locations":[{"start":{"line":75,"column":2},"end":{"line":77,"column":3}},{"start":{"line":75,"column":2},"end":{"line":77,"column":3}}]},"23":{"loc":{"start":{"line":78,"column":2},"end":{"line":80,"column":3}},"type":"if","locations":[{"start":{"line":78,"column":2},"end":{"line":80,"column":3}},{"start":{"line":78,"column":2},"end":{"line":80,"column":3}}]},"24":{"loc":{"start":{"line":81,"column":2},"end":{"line":81,"column":63}},"type":"if","locations":[{"start":{"line":81,"column":2},"end":{"line":81,"column":63}},{"start":{"line":81,"column":2},"end":{"line":81,"column":63}}]},"25":{"loc":{"start":{"line":91,"column":4},"end":{"line":91,"column":30}},"type":"if","locations":[{"start":{"line":91,"column":4},"end":{"line":91,"column":30}},{"start":{"line":91,"column":4},"end":{"line":91,"column":30}}]},"26":{"loc":{"start":{"line":108,"column":2},"end":{"line":108,"column":21}},"type":"if","locations":[{"start":{"line":108,"column":2},"end":{"line":108,"column":21}},{"start":{"line":108,"column":2},"end":{"line":108,"column":21}}]},"27":{"loc":{"start":{"line":110,"column":2},"end":{"line":129,"column":3}},"type":"if","locations":[{"start":{"line":110,"column":2},"end":{"line":129,"column":3}},{"start":{"line":110,"column":2},"end":{"line":129,"column":3}}]},"28":{"loc":{"start":{"line":114,"column":9},"end":{"line":129,"column":3}},"type":"if","locations":[{"start":{"line":114,"column":9},"end":{"line":129,"column":3}},{"start":{"line":114,"column":9},"end":{"line":129,"column":3}}]},"29":{"loc":{"start":{"line":116,"column":9},"end":{"line":129,"column":3}},"type":"if","locations":[{"start":{"line":116,"column":9},"end":{"line":129,"column":3}},{"start":{"line":116,"column":9},"end":{"line":129,"column":3}}]},"30":{"loc":{"start":{"line":116,"column":14},"end":{"line":116,"column":73}},"type":"cond-expr","locations":[{"start":{"line":116,"column":45},"end":{"line":116,"column":56}},{"start":{"line":116,"column":59},"end":{"line":116,"column":73}}]},"31":{"loc":{"start":{"line":124,"column":4},"end":{"line":124,"column":71}},"type":"if","locations":[{"start":{"line":124,"column":4},"end":{"line":124,"column":71}},{"start":{"line":124,"column":4},"end":{"line":124,"column":71}}]},"32":{"loc":{"start":{"line":125,"column":4},"end":{"line":125,"column":71}},"type":"if","locations":[{"start":{"line":125,"column":4},"end":{"line":125,"column":71}},{"start":{"line":125,"column":4},"end":{"line":125,"column":71}}]},"33":{"loc":{"start":{"line":126,"column":4},"end":{"line":126,"column":80}},"type":"if","locations":[{"start":{"line":126,"column":4},"end":{"line":126,"column":80}},{"start":{"line":126,"column":4},"end":{"line":126,"column":80}}]}},"s":{"0":1,"1":6,"2":0,"3":1,"4":1,"5":5,"6":0,"7":1,"8":1,"9":1,"10":1,"11":1,"12":1,"13":1,"14":1,"15":1,"16":0,"17":0,"18":0,"19":0,"20":0,"21":0,"22":0,"23":0,"24":0,"25":0,"26":0,"27":34,"28":34,"29":34,"30":34,"31":34,"32":34,"33":34,"34":34,"35":34,"36":34,"37":34,"38":3,"39":34,"40":2,"41":34,"42":5,"43":34,"44":1,"45":34,"46":1,"47":34,"48":1,"49":34,"50":1,"51":34,"52":1,"53":34,"54":1,"55":34,"56":0,"57":34,"58":32,"59":0,"60":32,"61":0,"62":0,"63":0,"64":0,"65":0,"66":16,"67":16,"68":0,"69":16,"70":7,"71":9,"72":9,"73":4,"74":5,"75":5,"76":5,"77":5,"78":5,"79":5,"80":5,"81":5,"82":5,"83":0,"84":5,"85":0,"86":5},"f":{"0":6,"1":0,"2":5,"3":0,"4":1,"5":0,"6":34,"7":0,"8":34,"9":32,"10":0,"11":16,"12":9},"b":{"0":[1,0],"1":[1,1],"2":[0,0],"3":[0,0,0,0],"4":[1,0],"5":[1,1],"6":[0,5],"7":[0,0],"8":[0,0,0,0],"9":[0,0],"10":[1,0],"11":[1,1],"12":[0,0],"13":[0,0],"14":[0,0],"15":[3,31],"16":[2,1],"17":[2,32],"18":[5,29],"19":[1,33],"20":[1,33],"21":[1,33],"22":[1,33],"23":[1,33],"24":[1,33],"25":[0,32],"26":[0,16],"27":[7,9],"28":[4,5],"29":[5,0],"30":[0,5],"31":[5,0],"32":[0,5],"33":[0,5]},"_coverageSchema":"332fd63041d2c1bcb487cc26dd0d5f7d97098a6c","hash":"8f9fb50c048c099b46008768f2a5141cc0747728","contentHash":"276a1259626c95cfdb581eb087960d92_10.1.2"},"/Users/chrislocasto/Projects/formwizard-react/dist/helpers/validators.js":{"path":"/Users/chrislocasto/Projects/formwizard-react/dist/helpers/validators.js","statementMap":{"0":{"start":{"line":3,"column":0},"end":{"line":5,"column":3}},"1":{"start":{"line":7,"column":21},"end":{"line":31,"column":3}},"2":{"start":{"line":9,"column":15},"end":{"line":9,"column":17}},"3":{"start":{"line":9,"column":27},"end":{"line":9,"column":31}},"4":{"start":{"line":9,"column":41},"end":{"line":9,"column":46}},"5":{"start":{"line":9,"column":56},"end":{"line":9,"column":65}},"6":{"start":{"line":9,"column":66},"end":{"line":21,"column":5}},"7":{"start":{"line":10,"column":6},"end":{"line":12,"column":7}},"8":{"start":{"line":11,"column":8},"end":{"line":11,"column":28}},"9":{"start":{"line":11,"column":28},"end":{"line":11,"column":62}},"10":{"start":{"line":11,"column":56},"end":{"line":11,"column":62}},"11":{"start":{"line":14,"column":6},"end":{"line":14,"column":16}},"12":{"start":{"line":14,"column":16},"end":{"line":14,"column":25}},"13":{"start":{"line":16,"column":6},"end":{"line":20,"column":7}},"14":{"start":{"line":17,"column":8},"end":{"line":17,"column":48}},"15":{"start":{"line":17,"column":33},"end":{"line":17,"column":48}},"16":{"start":{"line":19,"column":8},"end":{"line":19,"column":25}},"17":{"start":{"line":19,"column":16},"end":{"line":19,"column":25}},"18":{"start":{"line":21,"column":5},"end":{"line":21,"column":17}},"19":{"start":{"line":22,"column":3},"end":{"line":30,"column":4}},"20":{"start":{"line":23,"column":4},"end":{"line":29,"column":5}},"21":{"start":{"line":24,"column":6},"end":{"line":24,"column":17}},"22":{"start":{"line":25,"column":11},"end":{"line":29,"column":5}},"23":{"start":{"line":26,"column":6},"end":{"line":26,"column":35}},"24":{"start":{"line":28,"column":6},"end":{"line":28,"column":82}},"25":{"start":{"line":33,"column":0},"end":{"line":33,"column":22}},"26":{"start":{"line":34,"column":0},"end":{"line":34,"column":24}},"27":{"start":{"line":35,"column":0},"end":{"line":35,"column":28}},"28":{"start":{"line":36,"column":0},"end":{"line":36,"column":22}},"29":{"start":{"line":37,"column":0},"end":{"line":37,"column":22}},"30":{"start":{"line":38,"column":0},"end":{"line":38,"column":26}},"31":{"start":{"line":39,"column":0},"end":{"line":39,"column":18}},"32":{"start":{"line":40,"column":0},"end":{"line":40,"column":18}},"33":{"start":{"line":41,"column":0},"end":{"line":41,"column":24}},"34":{"start":{"line":43,"column":19},"end":{"line":43,"column":237}},"35":{"start":{"line":45,"column":2},"end":{"line":53,"column":4}},"36":{"start":{"line":46,"column":4},"end":{"line":48,"column":5}},"37":{"start":{"line":47,"column":6},"end":{"line":47,"column":31}},"38":{"start":{"line":50,"column":27},"end":{"line":50,"column":49}},"39":{"start":{"line":51,"column":4},"end":{"line":51,"column":29}},"40":{"start":{"line":51,"column":16},"end":{"line":51,"column":29}},"41":{"start":{"line":52,"column":4},"end":{"line":52,"column":28}},"42":{"start":{"line":57,"column":14},"end":{"line":57,"column":37}},"43":{"start":{"line":58,"column":17},"end":{"line":58,"column":25}},"44":{"start":{"line":59,"column":17},"end":{"line":59,"column":25}},"45":{"start":{"line":66,"column":2},"end":{"line":72,"column":4}},"46":{"start":{"line":67,"column":4},"end":{"line":67,"column":48}},"47":{"start":{"line":67,"column":35},"end":{"line":67,"column":48}},"48":{"start":{"line":68,"column":4},"end":{"line":68,"column":63}},"49":{"start":{"line":68,"column":31},"end":{"line":68,"column":63}},"50":{"start":{"line":69,"column":4},"end":{"line":69,"column":58}},"51":{"start":{"line":69,"column":45},"end":{"line":69,"column":58}},"52":{"start":{"line":70,"column":4},"end":{"line":70,"column":58}},"53":{"start":{"line":70,"column":45},"end":{"line":70,"column":58}},"54":{"start":{"line":71,"column":4},"end":{"line":71,"column":16}},"55":{"start":{"line":81,"column":2},"end":{"line":83,"column":4}},"56":{"start":{"line":82,"column":4},"end":{"line":82,"column":77}},"57":{"start":{"line":87,"column":22},"end":{"line":87,"column":34}},"58":{"start":{"line":88,"column":2},"end":{"line":91,"column":4}},"59":{"start":{"line":89,"column":4},"end":{"line":89,"column":75}},"60":{"start":{"line":89,"column":44},"end":{"line":89,"column":75}},"61":{"start":{"line":90,"column":4},"end":{"line":90,"column":35}},"62":{"start":{"line":95,"column":19},"end":{"line":95,"column":30}},"63":{"start":{"line":96,"column":2},"end":{"line":98,"column":4}},"64":{"start":{"line":97,"column":4},"end":{"line":97,"column":64}},"65":{"start":{"line":102,"column":21},"end":{"line":102,"column":32}},"66":{"start":{"line":103,"column":2},"end":{"line":105,"column":4}},"67":{"start":{"line":104,"column":4},"end":{"line":104,"column":95}},"68":{"start":{"line":109,"column":2},"end":{"line":111,"column":4}},"69":{"start":{"line":110,"column":4},"end":{"line":110,"column":114}},"70":{"start":{"line":115,"column":2},"end":{"line":117,"column":4}},"71":{"start":{"line":116,"column":4},"end":{"line":116,"column":31}},"72":{"start":{"line":121,"column":2},"end":{"line":123,"column":4}},"73":{"start":{"line":122,"column":4},"end":{"line":122,"column":31}}},"fnMap":{"0":{"name":"(anonymous_0)","decl":{"start":{"line":7,"column":21},"end":{"line":7,"column":22}},"loc":{"start":{"line":7,"column":33},"end":{"line":31,"column":1}}},"1":{"name":"sliceIterator","decl":{"start":{"line":8,"column":11},"end":{"line":8,"column":24}},"loc":{"start":{"line":8,"column":33},"end":{"line":22,"column":3}}},"2":{"name":"(anonymous_2)","decl":{"start":{"line":22,"column":10},"end":{"line":22,"column":11}},"loc":{"start":{"line":22,"column":28},"end":{"line":30,"column":3}}},"3":{"name":"email","decl":{"start":{"line":42,"column":9},"end":{"line":42,"column":14}},"loc":{"start":{"line":42,"column":17},"end":{"line":54,"column":1}}},"4":{"name":"(anonymous_4)","decl":{"start":{"line":45,"column":9},"end":{"line":45,"column":10}},"loc":{"start":{"line":45,"column":26},"end":{"line":53,"column":3}}},"5":{"name":"length","decl":{"start":{"line":56,"column":9},"end":{"line":56,"column":15}},"loc":{"start":{"line":56,"column":22},"end":{"line":73,"column":1}}},"6":{"name":"(anonymous_6)","decl":{"start":{"line":66,"column":9},"end":{"line":66,"column":10}},"loc":{"start":{"line":66,"column":26},"end":{"line":72,"column":3}}},"7":{"name":"required","decl":{"start":{"line":75,"column":9},"end":{"line":75,"column":17}},"loc":{"start":{"line":75,"column":20},"end":{"line":84,"column":1}}},"8":{"name":"(anonymous_8)","decl":{"start":{"line":81,"column":9},"end":{"line":81,"column":10}},"loc":{"start":{"line":81,"column":26},"end":{"line":83,"column":3}}},"9":{"name":"match","decl":{"start":{"line":86,"column":9},"end":{"line":86,"column":14}},"loc":{"start":{"line":86,"column":29},"end":{"line":92,"column":1}}},"10":{"name":"(anonymous_10)","decl":{"start":{"line":88,"column":9},"end":{"line":88,"column":10}},"loc":{"start":{"line":88,"column":26},"end":{"line":91,"column":3}}},"11":{"name":"alpha","decl":{"start":{"line":94,"column":9},"end":{"line":94,"column":14}},"loc":{"start":{"line":94,"column":17},"end":{"line":99,"column":1}}},"12":{"name":"(anonymous_12)","decl":{"start":{"line":96,"column":9},"end":{"line":96,"column":10}},"loc":{"start":{"line":96,"column":26},"end":{"line":98,"column":3}}},"13":{"name":"numeric","decl":{"start":{"line":101,"column":9},"end":{"line":101,"column":16}},"loc":{"start":{"line":101,"column":19},"end":{"line":106,"column":1}}},"14":{"name":"(anonymous_14)","decl":{"start":{"line":103,"column":9},"end":{"line":103,"column":10}},"loc":{"start":{"line":103,"column":26},"end":{"line":105,"column":3}}},"15":{"name":"max","decl":{"start":{"line":108,"column":9},"end":{"line":108,"column":12}},"loc":{"start":{"line":108,"column":23},"end":{"line":112,"column":1}}},"16":{"name":"(anonymous_16)","decl":{"start":{"line":109,"column":9},"end":{"line":109,"column":10}},"loc":{"start":{"line":109,"column":26},"end":{"line":111,"column":3}}},"17":{"name":"min","decl":{"start":{"line":114,"column":9},"end":{"line":114,"column":12}},"loc":{"start":{"line":114,"column":23},"end":{"line":118,"column":1}}},"18":{"name":"(anonymous_18)","decl":{"start":{"line":115,"column":9},"end":{"line":115,"column":10}},"loc":{"start":{"line":115,"column":26},"end":{"line":117,"column":3}}},"19":{"name":"custom","decl":{"start":{"line":120,"column":9},"end":{"line":120,"column":15}},"loc":{"start":{"line":120,"column":30},"end":{"line":124,"column":1}}},"20":{"name":"(anonymous_20)","decl":{"start":{"line":121,"column":9},"end":{"line":121,"column":10}},"loc":{"start":{"line":121,"column":26},"end":{"line":123,"column":3}}}},"branchMap":{"0":{"loc":{"start":{"line":11,"column":28},"end":{"line":11,"column":62}},"type":"if","locations":[{"start":{"line":11,"column":28},"end":{"line":11,"column":62}},{"start":{"line":11,"column":28},"end":{"line":11,"column":62}}]},"1":{"loc":{"start":{"line":11,"column":32},"end":{"line":11,"column":54}},"type":"binary-expr","locations":[{"start":{"line":11,"column":32},"end":{"line":11,"column":33}},{"start":{"line":11,"column":37},"end":{"line":11,"column":54}}]},"2":{"loc":{"start":{"line":17,"column":8},"end":{"line":17,"column":48}},"type":"if","locations":[{"start":{"line":17,"column":8},"end":{"line":17,"column":48}},{"start":{"line":17,"column":8},"end":{"line":17,"column":48}}]},"3":{"loc":{"start":{"line":17,"column":12},"end":{"line":17,"column":31}},"type":"binary-expr","locations":[{"start":{"line":17,"column":12},"end":{"line":17,"column":15}},{"start":{"line":17,"column":19},"end":{"line":17,"column":31}}]},"4":{"loc":{"start":{"line":19,"column":8},"end":{"line":19,"column":25}},"type":"if","locations":[{"start":{"line":19,"column":8},"end":{"line":19,"column":25}},{"start":{"line":19,"column":8},"end":{"line":19,"column":25}}]},"5":{"loc":{"start":{"line":23,"column":4},"end":{"line":29,"column":5}},"type":"if","locations":[{"start":{"line":23,"column":4},"end":{"line":29,"column":5}},{"start":{"line":23,"column":4},"end":{"line":29,"column":5}}]},"6":{"loc":{"start":{"line":25,"column":11},"end":{"line":29,"column":5}},"type":"if","locations":[{"start":{"line":25,"column":11},"end":{"line":29,"column":5}},{"start":{"line":25,"column":11},"end":{"line":29,"column":5}}]},"7":{"loc":{"start":{"line":43,"column":19},"end":{"line":43,"column":237}},"type":"cond-expr","locations":[{"start":{"line":43,"column":72},"end":{"line":43,"column":84}},{"start":{"line":43,"column":87},"end":{"line":43,"column":237}}]},"8":{"loc":{"start":{"line":43,"column":19},"end":{"line":43,"column":69}},"type":"binary-expr","locations":[{"start":{"line":43,"column":19},"end":{"line":43,"column":39}},{"start":{"line":43,"column":43},"end":{"line":43,"column":69}}]},"9":{"loc":{"start":{"line":46,"column":4},"end":{"line":48,"column":5}},"type":"if","locations":[{"start":{"line":46,"column":4},"end":{"line":48,"column":5}},{"start":{"line":46,"column":4},"end":{"line":48,"column":5}}]},"10":{"loc":{"start":{"line":51,"column":4},"end":{"line":51,"column":29}},"type":"if","locations":[{"start":{"line":51,"column":4},"end":{"line":51,"column":29}},{"start":{"line":51,"column":4},"end":{"line":51,"column":29}}]},"11":{"loc":{"start":{"line":67,"column":4},"end":{"line":67,"column":48}},"type":"if","locations":[{"start":{"line":67,"column":4},"end":{"line":67,"column":48}},{"start":{"line":67,"column":4},"end":{"line":67,"column":48}}]},"12":{"loc":{"start":{"line":68,"column":4},"end":{"line":68,"column":63}},"type":"if","locations":[{"start":{"line":68,"column":4},"end":{"line":68,"column":63}},{"start":{"line":68,"column":4},"end":{"line":68,"column":63}}]},"13":{"loc":{"start":{"line":68,"column":8},"end":{"line":68,"column":29}},"type":"binary-expr","locations":[{"start":{"line":68,"column":8},"end":{"line":68,"column":16}},{"start":{"line":68,"column":20},"end":{"line":68,"column":29}}]},"14":{"loc":{"start":{"line":69,"column":4},"end":{"line":69,"column":58}},"type":"if","locations":[{"start":{"line":69,"column":4},"end":{"line":69,"column":58}},{"start":{"line":69,"column":4},"end":{"line":69,"column":58}}]},"15":{"loc":{"start":{"line":69,"column":8},"end":{"line":69,"column":43}},"type":"binary-expr","locations":[{"start":{"line":69,"column":8},"end":{"line":69,"column":16}},{"start":{"line":69,"column":20},"end":{"line":69,"column":43}}]},"16":{"loc":{"start":{"line":70,"column":4},"end":{"line":70,"column":58}},"type":"if","locations":[{"start":{"line":70,"column":4},"end":{"line":70,"column":58}},{"start":{"line":70,"column":4},"end":{"line":70,"column":58}}]},"17":{"loc":{"start":{"line":70,"column":8},"end":{"line":70,"column":43}},"type":"binary-expr","locations":[{"start":{"line":70,"column":8},"end":{"line":70,"column":16}},{"start":{"line":70,"column":20},"end":{"line":70,"column":43}}]},"18":{"loc":{"start":{"line":82,"column":11},"end":{"line":82,"column":76}},"type":"binary-expr","locations":[{"start":{"line":82,"column":11},"end":{"line":82,"column":36}},{"start":{"line":82,"column":40},"end":{"line":82,"column":47}},{"start":{"line":82,"column":51},"end":{"line":82,"column":76}}]},"19":{"loc":{"start":{"line":89,"column":4},"end":{"line":89,"column":75}},"type":"if","locations":[{"start":{"line":89,"column":4},"end":{"line":89,"column":75}},{"start":{"line":89,"column":4},"end":{"line":89,"column":75}}]},"20":{"loc":{"start":{"line":97,"column":11},"end":{"line":97,"column":63}},"type":"binary-expr","locations":[{"start":{"line":97,"column":11},"end":{"line":97,"column":36}},{"start":{"line":97,"column":40},"end":{"line":97,"column":63}}]},"21":{"loc":{"start":{"line":104,"column":11},"end":{"line":104,"column":94}},"type":"binary-expr","locations":[{"start":{"line":104,"column":11},"end":{"line":104,"column":36}},{"start":{"line":104,"column":40},"end":{"line":104,"column":65}},{"start":{"line":104,"column":69},"end":{"line":104,"column":94}}]},"22":{"loc":{"start":{"line":110,"column":11},"end":{"line":110,"column":113}},"type":"binary-expr","locations":[{"start":{"line":110,"column":12},"end":{"line":110,"column":37}},{"start":{"line":110,"column":41},"end":{"line":110,"column":46}},{"start":{"line":110,"column":50},"end":{"line":110,"column":75}},{"start":{"line":110,"column":80},"end":{"line":110,"column":113}}]}},"s":{"0":1,"1":1,"2":0,"3":0,"4":0,"5":0,"6":0,"7":0,"8":0,"9":0,"10":0,"11":0,"12":0,"13":0,"14":0,"15":0,"16":0,"17":0,"18":0,"19":1,"20":2,"21":2,"22":0,"23":0,"24":0,"25":1,"26":1,"27":1,"28":1,"29":1,"30":1,"31":1,"32":1,"33":1,"34":3,"35":3,"36":5,"37":0,"38":5,"39":5,"40":1,"41":4,"42":2,"43":2,"44":2,"45":2,"46":3,"47":0,"48":3,"49":0,"50":3,"51":0,"52":3,"53":1,"54":2,"55":5,"56":4,"57":1,"58":1,"59":3,"60":0,"61":3,"62":1,"63":1,"64":3,"65":1,"66":1,"67":3,"68":1,"69":4,"70":1,"71":4,"72":0,"73":0},"f":{"0":1,"1":0,"2":2,"3":3,"4":5,"5":2,"6":3,"7":5,"8":4,"9":1,"10":3,"11":1,"12":3,"13":1,"14":3,"15":1,"16":4,"17":1,"18":4,"19":0,"20":0},"b":{"0":[0,0],"1":[0,0],"2":[0,0],"3":[0,0],"4":[0,0],"5":[2,0],"6":[0,0],"7":[1,2],"8":[3,3],"9":[0,5],"10":[1,4],"11":[0,3],"12":[0,3],"13":[3,3],"14":[0,3],"15":[3,3],"16":[1,2],"17":[3,3],"18":[4,4,2],"19":[0,3],"20":[3,3],"21":[3,2,2],"22":[4,0,4,4]},"_coverageSchema":"332fd63041d2c1bcb487cc26dd0d5f7d97098a6c","hash":"f3bab46cdc3b40ed81ecb47dcc0de1989b2e1c97","contentHash":"a55f6595a774892e59780d0284530b6b_10.1.2"},"/Users/chrislocasto/Projects/formwizard-react/dist/components/Form.js":{"path":"/Users/chrislocasto/Projects/formwizard-react/dist/components/Form.js","statementMap":{"0":{"start":{"line":3,"column":15},"end":{"line":3,"column":269}},"1":{"start":{"line":3,"column":102},"end":{"line":3,"column":120}},"2":{"start":{"line":3,"column":142},"end":{"line
[...]
6},"end":{"line":312,"column":51}},"214":{"start":{"line":313,"column":6},"end":{"line":313,"column":52}},"215":{"start":{"line":314,"column":6},"end":{"line":314,"column":51}},"216":{"start":{"line":315,"column":6},"end":{"line":315,"column":53}},"217":{"start":{"line":316,"column":6},"end":{"line":316,"column":59}},"218":{"start":{"line":319,"column":4},"end":{"line":323,"column":7}},"219":{"start":{"line":320,"column":6},"end":{"line":320,"column":53}},"220":{"start":{"line":321,"column":6},"end":{"line":321,"column":52}},"221":{"start":{"line":322,"column":6},"end":{"line":322,"column":55}},"222":{"start":{"line":326,"column":4},"end":{"line":334,"column":7}},"223":{"start":{"line":327,"column":6},"end":{"line":327,"column":63}},"224":{"start":{"line":328,"column":6},"end":{"line":330,"column":26}},"225":{"start":{"line":329,"column":8},"end":{"line":329,"column":17}},"226":{"start":{"line":331,"column":6},"end":{"line":331,"column":54}},"227":{"start":{"line":332,"column":6},"end":{"line":332,"column":59}},"228":{"start":{"line":333,"column":6},"end":{"line":333,"column":60}},"229":{"start":{"line":336,"column":4},"end":{"line":355,"column":7}},"230":{"start":{"line":337,"column":6},"end":{"line":337,"column":74}},"231":{"start":{"line":338,"column":6},"end":{"line":338,"column":71}},"232":{"start":{"line":340,"column":6},"end":{"line":340,"column":49}},"233":{"start":{"line":341,"column":6},"end":{"line":341,"column":73}},"234":{"start":{"line":342,"column":6},"end":{"line":342,"column":70}},"235":{"start":{"line":344,"column":6},"end":{"line":344,"column":49}},"236":{"start":{"line":345,"column":6},"end":{"line":345,"column":70}},"237":{"start":{"line":346,"column":6},"end":{"line":346,"column":73}},"238":{"start":{"line":348,"column":6},"end":{"line":348,"column":50}},"239":{"start":{"line":349,"column":6},"end":{"line":349,"column":71}},"240":{"start":{"line":350,"column":6},"end":{"line":350,"column":74}},"241":{"start":{"line":352,"column":6},"end":{"line":352,"column":53}},"242":{"start":{"line":353,"column":6},"end":{"line":353,"column":73}},"243":{"start":{"line":354,"column":6},"end":{"line":354,"column":74}},"244":{"start":{"line":358,"column":2},"end":{"line":416,"column":5}},"245":{"start":{"line":359,"column":20},"end":{"line":359,"column":21}},"246":{"start":{"line":361,"column":18},"end":{"line":361,"column":80}},"247":{"start":{"line":362,"column":18},"end":{"line":362,"column":43}},"248":{"start":{"line":364,"column":4},"end":{"line":375,"column":7}},"249":{"start":{"line":365,"column":6},"end":{"line":365,"column":54}},"250":{"start":{"line":366,"column":6},"end":{"line":366,"column":56}},"251":{"start":{"line":367,"column":6},"end":{"line":367,"column":54}},"252":{"start":{"line":368,"column":6},"end":{"line":368,"column":52}},"253":{"start":{"line":369,"column":6},"end":{"line":369,"column":52}},"254":{"start":{"line":370,"column":6},"end":{"line":370,"column":52}},"255":{"start":{"line":371,"column":6},"end":{"line":371,"column":51}},"256":{"start":{"line":372,"column":6},"end":{"line":372,"column":53}},"257":{"start":{"line":373,"column":6},"end":{"line":373,"column":58}},"258":{"start":{"line":374,"column":6},"end":{"line":374,"column":59}},"259":{"start":{"line":377,"column":4},"end":{"line":384,"column":7}},"260":{"start":{"line":378,"column":6},"end":{"line":378,"column":53}},"261":{"start":{"line":379,"column":6},"end":{"line":379,"column":56}},"262":{"start":{"line":380,"column":6},"end":{"line":380,"column":58}},"263":{"start":{"line":381,"column":6},"end":{"line":381,"column":52}},"264":{"start":{"line":382,"column":6},"end":{"line":382,"column":52}},"265":{"start":{"line":383,"column":6},"end":{"line":383,"column":54}},"266":{"start":{"line":387,"column":4},"end":{"line":394,"column":7}},"267":{"start":{"line":388,"column":6},"end":{"line":388,"column":63}},"268":{"start":{"line":389,"column":6},"end":{"line":391,"column":26}},"269":{"start":{"line":390,"column":8},"end":{"line":390,"column":17}},"270":{"start":{"line":392,"column":6},"end":{"line":392,"column":54}},"271":{"start":{"line":393,"column":6},"end":{"line":393,"column":60}},"272":{"start":{"line":396,"column":4},"end":{"line":415,"column":7}},"273":{"start":{"line":397,"column":6},"end":{"line":397,"column":74}},"274":{"start":{"line":398,"column":6},"end":{"line":398,"column":71}},"275":{"start":{"line":400,"column":6},"end":{"line":400,"column":49}},"276":{"start":{"line":401,"column":6},"end":{"line":401,"column":74}},"277":{"start":{"line":402,"column":6},"end":{"line":402,"column":70}},"278":{"start":{"line":404,"column":6},"end":{"line":404,"column":49}},"279":{"start":{"line":405,"column":6},"end":{"line":405,"column":70}},"280":{"start":{"line":406,"column":6},"end":{"line":406,"column":73}},"281":{"start":{"line":408,"column":6},"end":{"line":408,"column":50}},"282":{"start":{"line":409,"column":6},"end":{"line":409,"column":71}},"283":{"start":{"line":410,"column":6},"end":{"line":410,"column":73}},"284":{"start":{"line":412,"column":6},"end":{"line":412,"column":53}},"285":{"start":{"line":413,"column":6},"end":{"line":413,"column":74}},"286":{"start":{"line":414,"column":6},"end":{"line":414,"column":74}},"287":{"start":{"line":418,"column":2},"end":{"line":441,"column":5}},"288":{"start":{"line":419,"column":21},"end":{"line":421,"column":5}},"289":{"start":{"line":420,"column":6},"end":{"line":420,"column":52}},"290":{"start":{"line":423,"column":18},"end":{"line":423,"column":94}},"291":{"start":{"line":425,"column":4},"end":{"line":440,"column":7}},"292":{"start":{"line":426,"column":6},"end":{"line":426,"column":74}},"293":{"start":{"line":427,"column":6},"end":{"line":427,"column":71}},"294":{"start":{"line":429,"column":6},"end":{"line":429,"column":50}},"295":{"start":{"line":430,"column":6},"end":{"line":430,"column":74}},"296":{"start":{"line":431,"column":6},"end":{"line":431,"column":71}},"297":{"start":{"line":433,"column":6},"end":{"line":433,"column":50}},"298":{"start":{"line":434,"column":6},"end":{"line":434,"column":73}},"299":{"start":{"line":435,"column":6},"end":{"line":435,"column":71}},"300":{"start":{"line":437,"column":6},"end":{"line":437,"column":53}},"301":{"start":{"line":438,"column":6},"end":{"line":438,"column":74}},"302":{"start":{"line":439,"column":6},"end":{"line":439,"column":74}}},"fnMap":{"0":{"name":"_interopRequireWildcard","decl":{"start":{"line":23,"column":9},"end":{"line":23,"column":32}},"loc":{"start":{"line":23,"column":38},"end":{"line":23,"column":269}}},"1":{"name":"_interopRequireDefault","decl":{"start":{"line":25,"column":9},"end":{"line":25,"column":31}},"loc":{"start":{"line":25,"column":37},"end":{"line":25,"column":95}}},"2":{"name":"(anonymous_2)","decl":{"start":{"line":27,"column":36},"end":{"line":27,"column":37}},"loc":{"start":{"line":27,"column":48},"end":{"line":442,"column":1}}},"3":{"name":"(anonymous_3)","decl":{"start":{"line":28,"column":23},"end":{"line":28,"column":24}},"loc":{"start":{"line":28,"column":35},"end":{"line":63,"column":3}}},"4":{"name":"(anonymous_4)","decl":{"start":{"line":32,"column":43},"end":{"line":32,"column":44}},"loc":{"start":{"line":32,"column":55},"end":{"line":37,"column":5}}},"5":{"name":"(anonymous_5)","decl":{"start":{"line":39,"column":40},"end":{"line":39,"column":41}},"loc":{"start":{"line":39,"column":52},"end":{"line":41,"column":5}}},"6":{"name":"(anonymous_6)","decl":{"start":{"line":43,"column":44},"end":{"line":43,"column":45}},"loc":{"start":{"line":43,"column":56},"end":{"line":49,"column":5}}},"7":{"name":"(anonymous_7)","decl":{"start":{"line":45,"column":32},"end":{"line":45,"column":33}},"loc":{"start":{"line":45,"column":44},"end":{"line":45,"column":46}}},"8":{"name":"(anonymous_8)","decl":{"start":{"line":48,"column":44},"end":{"line":48,"column":45}},"loc":{"start":{"line":48,"column":71},"end":{"line":48,"column":73}}},"9":{"name":"(anonymous_9)","decl":{"start":{"line":51,"column":62},"end":{"line":51,"column":63}},"loc":{"start":{"line":51,"column":74},"end":{"line":62,"column":5}}},"10":{"name":"(anonymous_10)","decl":{"start":{"line":65,"column":20},"end":{"line":65,"column":21}},"loc":{"start":{"line":65,"column":32},"end":{"line":118,"column":3}}},"11":{"name":"(anonymous_11)","decl":{"start":{"line":69,"column":51},"end":{"line":69,"column":52}},"loc":{"start":{"line":69,"column":63},"end":{"line":74,"column":5}}},"12":{"name":"(anonymous_12)","decl":{"start":{"line":76,"column":54},"end":{"line":76,"column":55}},"loc":{"start":{"line":76,"column":66},"end":{"line":82,"column":5}}},"13":{"name":"(anonymous_13)","decl":{"start":{"line":84,"column":62},"end":{"line":84,"column":63}},"loc":{"start":{"line":84,"column":74},"end":{"line":95,"column":5}}},"14":{"name":"(anonymous_14)","decl":{"start":{"line":97,"column":62},"end":{"line":97,"column":63}},"loc":{"start":{"line":97,"column":74},"end":{"line":117,"column":5}}},"15":{"name":"(anonymous_15)","decl":{"start":{"line":120,"column":21},"end":{"line":120,"column":22}},"loc":{"start":{"line":120,"column":33},"end":{"line":170,"column":3}}},"16":{"name":"(anonymous_16)","decl":{"start":{"line":131,"column":62},"end":{"line":131,"column":63}},"loc":{"start":{"line":131,"column":74},"end":{"line":136,"column":5}}},"17":{"name":"(anonymous_17)","decl":{"start":{"line":138,"column":61},"end":{"line":138,"column":62}},"loc":{"start":{"line":138,"column":73},"end":{"line":143,"column":5}}},"18":{"name":"(anonymous_18)","decl":{"start":{"line":145,"column":48},"end":{"line":145,"column":49}},"loc":{"start":{"line":145,"column":60},"end":{"line":152,"column":5}}},"19":{"name":"(anonymous_19)","decl":{"start":{"line":147,"column":32},"end":{"line":147,"column":33}},"loc":{"start":{"line":147,"column":44},"end":{"line":149,"column":7}}},"20":{"name":"(anonymous_20)","decl":{"start":{"line":154,"column":62},"end":{"line":154,"column":63}},"loc":{"start":{"line":154,"column":74},"end":{"line":169,"column":5}}},"21":{"name":"(anonymous_21)","decl":{"start":{"line":172,"column":20},"end":{"line":172,"column":21}},"loc":{"start":{"line":172,"column":32},"end":{"line":209,"column":3}}},"22":{"name":"returnValue","decl":{"start":{"line":173,"column":31},"end":{"line":173,"column":42}},"loc":{"start":{"line":173,"column":45},"end":{"line":175,"column":5}}},"23":{"name":"(anonymous_23)","decl":{"start":{"line":180,"column":46},"end":{"line":180,"column":47}},"loc":{"start":{"line":180,"column":58},"end":{"line":182,"column":5}}},"24":{"name":"(anonymous_24)","decl":{"start":{"line":184,"column":50},"end":{"line":184,"column":51}},"loc":{"start":{"line":184,"column":62},"end":{"line":191,"column":5}}},"25":{"name":"(anonymous_25)","decl":{"start":{"line":188,"column":32},"end":{"line":188,"column":33}},"loc":{"start":{"line":188,"column":44},"end":{"line":190,"column":7}}},"26":{"name":"(anonymous_26)","decl":{"start":{"line":193,"column":62},"end":{"line":193,"column":63}},"loc":{"start":{"line":193,"column":74},"end":{"line":208,"column":5}}},"27":{"name":"(anonymous_27)","decl":{"start":{"line":211,"column":20},"end":{"line":211,"column":21}},"loc":{"start":{"line":211,"column":32},"end":{"line":260,"column":3}}},"28":{"name":"(anonymous_28)","decl":{"start":{"line":216,"column":86},"end":{"line":216,"column":87}},"loc":{"start":{"line":216,"column":98},"end":{"line":223,"column":5}}},"29":{"name":"(anonymous_29)","decl":{"start":{"line":225,"column":71},"end":{"line":225,"column":72}},"loc":{"start":{"line":225,"column":83},"end":{"line":233,"column":5}}},"30":{"name":"(anonymous_30)","decl":{"start":{"line":235,"column":48},"end":{"line":235,"column":49}},"loc":{"start":{"line":235,"column":60},"end":{"line":242,"column":5}}},"31":{"name":"(anonymous_31)","decl":{"start":{"line":236,"column":32},"end":{"line":236,"column":33}},"loc":{"start":{"line":236,"column":44},"end":{"line":238,"column":7}}},"32":{"name":"(anonymous_32)","decl":{"start":{"line":244,"column":62},"end":{"line":244,"column":63}},"loc":{"start":{"line":244,"column":74},"end":{"line":259,"column":5}}},"33":{"name":"(anonymous_33)","decl":{"start":{"line":262,"column":21},"end":{"line":262,"column":22}},"loc":{"start":{"line":262,"column":33},"end":{"line":299,"column":3}}},"34":{"name":"(anonymous_34)","decl":{"start":{"line":266,"column":84},"end":{"line":266,"column":85}},"loc":{"start":{"line":266,"column":96},"end":{"line":272,"column":5}}},"35":{"name":"(anonymous_35)","decl":{"start":{"line":274,"column":80},"end":{"line":274,"column":81}},"loc":{"start":{"line":274,"column":92},"end":{"line":281,"column":5}}},"36":{"name":"(anonymous_36)","decl":{"start":{"line":283,"column":62},"end":{"line":283,"column":63}},"loc":{"start":{"line":283,"column":74},"end":{"line":298,"column":5}}},"37":{"name":"(anonymous_37)","decl":{"start":{"line":301,"column":18},"end":{"line":301,"column":19}},"loc":{"start":{"line":301,"column":30},"end":{"line":356,"column":3}}},"38":{"name":"(anonymous_38)","decl":{"start":{"line":307,"column":73},"end":{"line":307,"column":74}},"loc":{"start":{"line":307,"column":85},"end":{"line":317,"column":5}}},"39":{"name":"(anonymous_39)","decl":{"start":{"line":319,"column":65},"end":{"line":319,"column":66}},"loc":{"start":{"line":319,"column":77},"end":{"line":323,"column":5}}},"40":{"name":"(anonymous_40)","decl":{"start":{"line":326,"column":71},"end":{"line":326,"column":72}},"loc":{"start":{"line":326,"column":83},"end":{"line":334,"column":5}}},"41":{"name":"(anonymous_41)","decl":{"start":{"line":328,"column":32},"end":{"line":328,"column":33}},"loc":{"start":{"line":328,"column":44},"end":{"line":330,"column":7}}},"42":{"name":"(anonymous_42)","decl":{"start":{"line":336,"column":62},"end":{"line":336,"column":63}},"loc":{"start":{"line":336,"column":74},"end":{"line":355,"column":5}}},"43":{"name":"(anonymous_43)","decl":{"start":{"line":358,"column":18},"end":{"line":358,"column":19}},"loc":{"start":{"line":358,"column":30},"end":{"line":416,"column":3}}},"44":{"name":"(anonymous_44)","decl":{"start":{"line":364,"column":76},"end":{"line":364,"column":77}},"loc":{"start":{"line":364,"column":88},"end":{"line":375,"column":5}}},"45":{"name":"(anonymous_45)","decl":{"start":{"line":377,"column":62},"end":{"line":377,"column":63}},"loc":{"start":{"line":377,"column":74},"end":{"line":384,"column":5}}},"46":{"name":"(anonymous_46)","decl":{"start":{"line":387,"column":71},"end":{"line":387,"column":72}},"loc":{"start":{"line":387,"column":83},"end":{"line":394,"column":5}}},"47":{"name":"(anonymous_47)","decl":{"start":{"line":389,"column":32},"end":{"line":389,"column":33}},"loc":{"start":{"line":389,"column":44},"end":{"line":391,"column":7}}},"48":{"name":"(anonymous_48)","decl":{"start":{"line":396,"column":62},"end":{"line":396,"column":63}},"loc":{"start":{"line":396,"column":74},"end":{"line":415,"column":5}}},"49":{"name":"(anonymous_49)","decl":{"start":{"line":418,"column":21},"end":{"line":418,"column":22}},"loc":{"start":{"line":418,"column":33},"end":{"line":441,"column":3}}},"50":{"name":"isPositive","decl":{"start":{"line":419,"column":30},"end":{"line":419,"column":40}},"loc":{"start":{"line":419,"column":48},"end":{"line":421,"column":5}}},"51":{"name":"(anonymous_51)","decl":{"start":{"line":425,"column":62},"end":{"line":425,"column":63}},"loc":{"start":{"line":425,"column":74},"end":{"line":440,"column":5}}}},"branchMap":{"0":{"loc":{"start":{"line":23,"column":40},"end":{"line":23,"column":267}},"type":"if","locations":[{"start":{"line":23,"column":40},"end":{"line":23,"column":267}},{"start":{"line":23,"column":40},"end":{"line":23,"column":267}}]},"1":{"loc":{"start":{"line":23,"column":44},"end":{"line":23,"column":65}},"type":"binary-expr","locations":[{"start":{"line":23,"column":44},"end":{"line":23,"column":47}},{"start":{"line":23,"column":51},"end":{"line":23,"column":65}}]},"2":{"loc":{"start":{"line":23,"column":107},"end":{"line":23,"column":228}},"type":"if","locations":[{"start":{"line":23,"column":107},"end":{"line":23,"column":228}},{"start":{"line":23,"column":107},"end":{"line":23,"column":228}}]},"3":{"loc":{"start":{"line":23,"column":149},"end":{"line":23,"column":224}},"type":"if","locations":[{"start":{"line":23,"column":149},"end":{"line":23,"column":224}},{"start":{"line":23,"column":149},"end":{"line":23,"column":224}}]},"4":{"loc":{"start":{"line":25,"column":46},"end":{"line":25,"column":92}},"type":"cond-expr","locations":[{"start":{"line":25,"column":70},"end":{"line":25,"column":73}},{"start":{"line":25,"column":76},"end":{"line":25,"column":92}}]},"5":{"loc":{"start":{"line":25,"column":46},"end":{"line":25,"column":67}},"type":"binary-expr","locations":[{"start":{"line":25,"column":46},"end":{"line":25,"column":49}},{"start":{"line":25,"column":53},"end":{"line":25,"column":67}}]},"6":{"loc":{"start":{"line":420,"column":13},"end":{"line":420,"column":51}},"type":"binary-expr","locations":[{"start":{"line":420,"column":13},"end":{"line":420,"column":38}},{"start":{"line":420,"column":42},"end":{"line":420,"column":51}}]}},"s":{"0":1,"1":1,"2":1,"3":1,"4":1,"5":1,"6":1,"7":1,"8":1,"9":1,"10":1,"11":1,"12":0,"13":0,"14":0,"15":0,"16":0,"17":0,"18":0,"19":2,"20":1,"21":1,"22":1,"23":1,"24":1,"25":1,"26":1,"27":1,"28":1,"29":1,"30":1,"31":1,"32":1,"33":1,"34":1,"35":1,"36":1,"37":1,"38":1,"39":1,"40":1,"41":1,"42":1,"43":1,"44":1,"45":1,"46":1,"47":1,"48":1,"49":1,"50":1,"51":1,"52":1,"53":1,"54":1,"55":1,"56":1,"57":1,"58":1,"59":1,"60":1,"61":1,"62":1,"63":1,"64":1,"65":1,"66":1,"67":1,"68":1,"69":1,"70":1,"71":1,"72":1,"73":1,"74":1,"75":1,"76":1,"77":1,"78":1,"79":1,"80":1,"81":1,"82":1,"83":1,"84":1,"85":1,"86":1,"87":1,"88":1,"89":1,"90":1,"91":1,"92":1,"93":1,"94":1,"95":1,"96":1,"97":1,"98":1,"99":1,"100":0,"101":1,"102":1,"103":1,"104":1,"105":1,"106":1,"107":1,"108":1,"109":1,"110":1,"111":1,"112":1,"113":1,"114":1,"115":1,"116":1,"117":6,"118":1,"119":1,"120":1,"121":1,"122":1,"123":1,"124":1,"125":1,"126":1,"127":0,"128":1,"129":1,"130":1,"131":1,"132":1,"133":1,"134":1,"135":1,"136":1,"137":1,"138":1,"139":1,"140":1,"141":1,"142":1,"143":1,"144":1,"145":1,"146":1,"147":1,"148":1,"149":1,"150":1,"151":1,"152":1,"153":1,"154":1,"155":1,"156":1,"157":1,"158":1,"159":1,"160":0,"161":1,"162":1,"163":1,"164":1,"165":1,"166":1,"167":1,"168":1,"169":1,"170":1,"171":1,"172":1,"173":1,"174":1,"175":1,"176":1,"177":1,"178":1,"179":1,"180":1,"181":1,"182":1,"183":1,"184":1,"185":1,"186":1,"187":1,"188":1,"189":1,"190":1,"191":1,"192":1,"193":1,"194":1,"195":1,"196":1,"197":1,"198":1,"199":1,"200":1,"201":1,"202":1,"203":1,"204":1,"205":1,"206":1,"207":1,"208":1,"209":1,"210":1,"211":1,"212":1,"213":1,"214":1,"215":1,"216":1,"217":1,"218":1,"219":1,"220":1,"221":1,"222":1,"223":1,"224":1,"225":0,"226":1,"227":1,"228":1,"229":1,"230":1,"231":1,"232":1,"233":1,"234":1,"235":1,"236":1,"237":1,"238":1,"239":1,"240":1,"241":1,"242":1,"243":1,"244":1,"245":1,"246":1,"247":1,"248":1,"249":1,"250":1,"251":1,"252":1,"253":1,"254":1,"255":1,"256":1,"257":1,"258":1,"259":1,"260":1,"261":1,"262":1,"263":1,"264":1,"265":1,"266":1,"267":1,"268":1,"269":0,"270":1,"271":1,"272":1,"273":1,"274":1,"275":1,"276":1,"277":1,"278":1,"279":1,"280":1,"281":1,"282":1,"283":1,"284":1,"285":1,"286":1,"287":1,"288":1,"289":3,"290":1,"291":1,"292":1,"293":1,"294":1,"295":1,"296":1,"297":1,"298":1,"299":1,"300":1,"301":1,"302":1},"f":{"0":1,"1":2,"2":1,"3":1,"4":1,"5":1,"6":1,"7":0,"8":1,"9":1,"10":1,"11":1,"12":1,"13":1,"14":1,"15":1,"16":1,"17":1,"18":1,"19":0,"20":1,"21":1,"22":6,"23":1,"24":1,"25":0,"26":1,"27":1,"28":1,"29":1,"30":1,"31":0,"32":1,"33":1,"34":1,"35":1,"36":1,"37":1,"38":1,"39":1,"40":1,"41":0,"42":1,"43":1,"44":1,"45":1,"46":1,"47":0,"48":1,"49":1,"50":3,"51":1},"b":{"0":[1,0],"1":[1,1],"2":[0,0],"3":[0,0],"4":[0,2],"5":[2,2],"6":[3,2]},"_coverageSchema":"332fd63041d2c1bcb487cc26dd0d5f7d97098a6c","hash":"b486cff836be6c979e90b43da2f02887ff452b83","contentHash":"4b63a9b47be112c4a48147e07c9f549d_10.1.2"}}